{
  "stats": {
    "suites": 1,
    "tests": 1,
    "passes": 0,
    "pending": 0,
    "failures": 1,
    "start": "2020-11-24T00:21:26.342Z",
    "end": "2020-11-24T00:23:36.434Z",
    "duration": 130092,
    "testsRegistered": 1,
    "passPercent": 0,
    "pendingPercent": 0,
    "other": 0,
    "hasOther": false,
    "skipped": 0,
    "hasSkipped": false
  },
  "results": [
    {
      "uuid": "128edba3-5704-4b7e-86d7-aa5363c47bd8",
      "title": "",
      "fullFile": "cypress/integration/test/sprints/sprint40.js",
      "file": "cypress/integration/test/sprints/sprint40.js",
      "beforeHooks": [],
      "afterHooks": [],
      "tests": [],
      "suites": [
        {
          "uuid": "9cc7ab27-8364-4573-a1d6-37481ef7105e",
          "title": "Sprint 40",
          "fullFile": "",
          "file": "",
          "beforeHooks": [],
          "afterHooks": [],
          "tests": [
            {
              "title": "PBA-1294 calculo 500K 9.9M",
              "fullTitle": "Sprint 40 PBA-1294 calculo 500K 9.9M",
              "timedOut": null,
              "duration": 130062,
              "state": "failed",
              "speed": null,
              "pass": false,
              "fail": true,
              "pending": false,
              "context": null,
              "code": "var userConditions = {\n  client: true,\n  updated: true\n};\ncy.MockWs(userConditions); //Dado que el usuario esta en la pantalla de configuración de CDT\nvar amount = 500000;\nvar term = 90;\ncy.FillInfoOnLanding();\ncy.FillFormCDTStep();\ncy.AcceptPep();\ncy.ValidateCalc(amount, term);\namount = 9999999;\nterm = 90;\ncy.ValidateCalc(amount, term);",
              "err": {
                "message": "CypressError: cy.screenshot() timed out waiting '30000ms' to complete.",
                "estack": "CypressError: cy.screenshot() timed out waiting '30000ms' to complete.\n    at Object.cypressErr (https://rb-pasivo-dev-front.avaldigitallabs.com/__cypress/runner/cypress_runner.js:86207:11)\n    at Object.throwErr (https://rb-pasivo-dev-front.avaldigitallabs.com/__cypress/runner/cypress_runner.js:86162:18)\n    at Object.throwErrByPath (https://rb-pasivo-dev-front.avaldigitallabs.com/__cypress/runner/cypress_runner.js:86194:17)\n    at https://rb-pasivo-dev-front.avaldigitallabs.com/__cypress/runner/cypress_runner.js:72611:21\n    at tryCatcher (https://rb-pasivo-dev-front.avaldigitallabs.com/__cypress/runner/cypress_runner.js:120203:23)\n    at https://rb-pasivo-dev-front.avaldigitallabs.com/__cypress/runner/cypress_runner.js:115344:41\n    at tryCatcher (https://rb-pasivo-dev-front.avaldigitallabs.com/__cypress/runner/cypress_runner.js:120203:23)\n    at Promise._settlePromiseFromHandler (https://rb-pasivo-dev-front.avaldigitallabs.com/__cypress/runner/cypress_runner.js:118139:31)\n    at Promise._settlePromise (https://rb-pasivo-dev-front.avaldigitallabs.com/__cypress/runner/cypress_runner.js:118196:18)\n    at Promise._settlePromise0 (https://rb-pasivo-dev-front.avaldigitallabs.com/__cypress/runner/cypress_runner.js:118241:10)\n    at Promise._settlePromises (https://rb-pasivo-dev-front.avaldigitallabs.com/__cypress/runner/cypress_runner.js:118316:18)\n    at Async../node_modules/bluebird/js/release/async.js.Async._drainQueue (https://rb-pasivo-dev-front.avaldigitallabs.com/__cypress/runner/cypress_runner.js:114928:16)\n    at Async../node_modules/bluebird/js/release/async.js.Async._drainQueues (https://rb-pasivo-dev-front.avaldigitallabs.com/__cypress/runner/cypress_runner.js:114938:10)\n    at Async.drainQueues (https://rb-pasivo-dev-front.avaldigitallabs.com/__cypress/runner/cypress_runner.js:114812:14)",
                "diff": null
              },
              "uuid": "10081e4b-3ff3-4dd8-8783-3271c118dfea",
              "parentUUID": "9cc7ab27-8364-4573-a1d6-37481ef7105e",
              "isHook": false,
              "skipped": false
            }
          ],
          "suites": [],
          "passes": [],
          "failures": [
            "10081e4b-3ff3-4dd8-8783-3271c118dfea"
          ],
          "pending": [],
          "skipped": [],
          "duration": 130062,
          "root": false,
          "rootEmpty": false,
          "_timeout": 2000
        }
      ],
      "passes": [],
      "failures": [],
      "pending": [],
      "skipped": [],
      "duration": 0,
      "root": true,
      "rootEmpty": true,
      "_timeout": 2000
    }
  ],
  "meta": {
    "mocha": {
      "version": "7.2.0"
    },
    "mochawesome": {
      "options": {
        "quiet": false,
        "reportFilename": "mochawesome",
        "saveHtml": false,
        "saveJson": true,
        "consoleReporter": "spec",
        "useInlineDiffs": false,
        "code": true
      },
      "version": "6.1.1"
    },
    "marge": {
      "options": {
        "id": "default",
        "reportDir": "cypress/reports/mocha",
        "quite": true,
        "overwrite": false,
        "html": false,
        "json": true
      },
      "version": "5.1.0"
    }
  }
}