{
  "stats": {
    "suites": 1,
    "tests": 1,
    "passes": 1,
    "pending": 0,
    "failures": 0,
    "start": "2020-08-21T17:29:07.982Z",
    "end": "2020-08-21T17:29:12.630Z",
    "duration": 4648,
    "testsRegistered": 1,
    "passPercent": 100,
    "pendingPercent": 0,
    "other": 0,
    "hasOther": false,
    "skipped": 0,
    "hasSkipped": false
  },
  "results": [
    {
      "uuid": "502471db-5f79-4ec8-a694-41301c04a914",
      "title": "",
      "fullFile": "cypress/integration/test/sprints/sprint37.js",
      "file": "cypress/integration/test/sprints/sprint37.js",
      "beforeHooks": [],
      "afterHooks": [],
      "tests": [],
      "suites": [
        {
          "uuid": "a6bc6c06-4010-49d0-b49d-1484cd76c958",
          "title": "test pasivo",
          "fullFile": "",
          "file": "",
          "beforeHooks": [],
          "afterHooks": [],
          "tests": [
            {
              "title": "PBA-1392 Recaptcha fallido",
              "fullTitle": "test pasivo PBA-1392 Recaptcha fallido",
              "timedOut": null,
              "duration": 4561,
              "state": "passed",
              "speed": "slow",
              "pass": true,
              "fail": false,
              "pending": false,
              "context": null,
              "code": "var userConditions = {\n  client: true,\n  updated: false,\n  cat: true,\n  channles: true,\n  docs: 'Empleado',\n  sqs: 'success',\n  generateUrl: 'two docs',\n  loadPresigned: 'any',\n  captcha: false\n};\ncy.MockWs(userConditions);\ncy.FillForm();\ncy.get('#FirstName').should('have.value', '');\ncy.get('#LastName').should('have.value', '');\ncy.get('#DNINumber').should('have.value', '');\ncy.get('#MobileNumber').should('have.value', '');\ncy.get('#MobileConfirmNumber').should('have.value', '');\ncy.get('#MonthlyIncomeInput').should('have.value', '');\ncy.get('#SubmitFormUserIdentification').should('be.disabled');\ncy.get('#CheckHabeasData-input').should('have.attr', 'aria-checked', 'false');\ncy.get('mat-error').should('have.text', ' Por favor inténtalo de nuevo ');",
              "err": {},
              "uuid": "9973242a-3cc5-4c81-aae7-f8f2aaedae9e",
              "parentUUID": "a6bc6c06-4010-49d0-b49d-1484cd76c958",
              "isHook": false,
              "skipped": false
            }
          ],
          "suites": [],
          "passes": [
            "9973242a-3cc5-4c81-aae7-f8f2aaedae9e"
          ],
          "failures": [],
          "pending": [],
          "skipped": [],
          "duration": 4561,
          "root": false,
          "rootEmpty": false,
          "_timeout": 2000
        }
      ],
      "passes": [],
      "failures": [],
      "pending": [],
      "skipped": [],
      "duration": 0,
      "root": true,
      "rootEmpty": true,
      "_timeout": 2000
    }
  ],
  "meta": {
    "mocha": {
      "version": "7.2.0"
    },
    "mochawesome": {
      "options": {
        "quiet": false,
        "reportFilename": "mochawesome",
        "saveHtml": false,
        "saveJson": true,
        "consoleReporter": "spec",
        "useInlineDiffs": false,
        "code": true
      },
      "version": "6.1.1"
    },
    "marge": {
      "options": {
        "id": "default",
        "reportDir": "cypress/reports/mocha",
        "quite": true,
        "overwrite": false,
        "html": false,
        "json": true
      },
      "version": "5.1.0"
    }
  }
}