{
  "stats": {
    "suites": 1,
    "tests": 7,
    "passes": 7,
    "pending": 0,
    "failures": 0,
    "start": "2020-09-05T20:49:25.574Z",
    "end": "2020-09-05T20:50:00.645Z",
    "duration": 35071,
    "testsRegistered": 7,
    "passPercent": 100,
    "pendingPercent": 0,
    "other": 0,
    "hasOther": false,
    "skipped": 0,
    "hasSkipped": false
  },
  "results": [
    {
      "uuid": "29768546-cd5e-4865-a188-b9f6be3d0625",
      "title": "",
      "fullFile": "cypress/integration/test/sprints/sprint39.js",
      "file": "cypress/integration/test/sprints/sprint39.js",
      "beforeHooks": [],
      "afterHooks": [],
      "tests": [],
      "suites": [
        {
          "uuid": "379a4f4a-3eb3-4f29-b6df-03dfc2368038",
          "title": "Sprint 39",
          "fullFile": "",
          "file": "",
          "beforeHooks": [],
          "afterHooks": [],
          "tests": [
            {
              "title": "PBA-1148 calculo tasa y rendimientos 500K 9.9M",
              "fullTitle": "Sprint 39 PBA-1148 calculo tasa y rendimientos 500K 9.9M",
              "timedOut": null,
              "duration": 6440,
              "state": "passed",
              "speed": "slow",
              "pass": true,
              "fail": false,
              "pending": false,
              "context": null,
              "code": "cy.visit('https://rb-pasivo-dev-cdt-front.avaldigitallabs.com/');\ncy.get('.cdt-form').scrollIntoView();\ncy.get('#Amount').type('500000');\ncy.get('#Term').type('90');\ncy.get('.rate').should('have.text', '2.4%');\ncy.get('#Term').clear().type('179');\ncy.get('.rate').should('have.text', '2.4%');\ncy.get('#Amount').clear().type('9999999');\ncy.get('.rate').should('have.text', '2.4%');\ncy.get('#Term').clear().type('180');\ncy.get('.rate').should('have.text', '2.6%');\ncy.get('#Term').clear().type('359');\ncy.get('.rate').should('have.text', '2.6%');\ncy.get('#Term').clear().type('360');\ncy.get('.rate').should('have.text', '2.7%');\ncy.get('#Term').clear().type('539');\ncy.get('.rate').should('have.text', '2.7%');\ncy.get('#Term').clear().type('540');\ncy.get('.rate').should('have.text', '2.9%');\ncy.get('#Term').clear().type('541');\ncy.get('.rate').should('have.text', '2.9%');\ncy.get('#Term').clear().type('999');\ncy.get('.rate').should('have.text', '2.9%');",
              "err": {},
              "uuid": "90f80e0a-8925-455d-8ca5-f1798e1455ea",
              "parentUUID": "379a4f4a-3eb3-4f29-b6df-03dfc2368038",
              "isHook": false,
              "skipped": false
            },
            {
              "title": "PBA-1148 calculo tasa y rendimientos 10M 19.9M",
              "fullTitle": "Sprint 39 PBA-1148 calculo tasa y rendimientos 10M 19.9M",
              "timedOut": null,
              "duration": 4141,
              "state": "passed",
              "speed": "slow",
              "pass": true,
              "fail": false,
              "pending": false,
              "context": null,
              "code": "cy.visit('https://rb-pasivo-dev-cdt-front.avaldigitallabs.com/');\ncy.get('#Amount').type('10000000');\ncy.get('#Term').type('90');\ncy.get('.rate').should('have.text', '2.5%');\ncy.get('#Term').clear().type('179');\ncy.get('.rate').should('have.text', '2.5%');\ncy.get('#Amount').clear().type('19999999');\ncy.get('.rate').should('have.text', '2.5%');\ncy.get('#Term').clear().type('180');\ncy.get('.rate').should('have.text', '2.7%');\ncy.get('#Term').clear().type('359');\ncy.get('.rate').should('have.text', '2.7%');\ncy.get('#Term').clear().type('360');\ncy.get('.rate').should('have.text', '2.85%');\ncy.get('#Term').clear().type('539');\ncy.get('.rate').should('have.text', '2.85%');\ncy.get('#Term').clear().type('540');\ncy.get('.rate').should('have.text', '3%');\ncy.get('#Term').clear().type('541');\ncy.get('.rate').should('have.text', '3%');\ncy.get('#Term').clear().type('999');\ncy.get('.rate').should('have.text', '3%');",
              "err": {},
              "uuid": "229ef59b-96ed-420d-b679-ebf27600e5d2",
              "parentUUID": "379a4f4a-3eb3-4f29-b6df-03dfc2368038",
              "isHook": false,
              "skipped": false
            },
            {
              "title": "PBA-1148 calculo tasa y rendimientos 20M 49.9M",
              "fullTitle": "Sprint 39 PBA-1148 calculo tasa y rendimientos 20M 49.9M",
              "timedOut": null,
              "duration": 4124,
              "state": "passed",
              "speed": "slow",
              "pass": true,
              "fail": false,
              "pending": false,
              "context": null,
              "code": "cy.visit('https://rb-pasivo-dev-cdt-front.avaldigitallabs.com/');\ncy.get('#Amount').type('20000000');\ncy.get('#Term').type('90');\ncy.get('.rate').should('have.text', '2.55%');\ncy.get('#Term').clear().type('179');\ncy.get('.rate').should('have.text', '2.55%');\ncy.get('#Amount').clear().type('49999999');\ncy.get('.rate').should('have.text', '2.55%');\ncy.get('#Term').clear().type('180');\ncy.get('.rate').should('have.text', '2.75%');\ncy.get('#Term').clear().type('359');\ncy.get('.rate').should('have.text', '2.75%');\ncy.get('#Term').clear().type('360');\ncy.get('.rate').should('have.text', '2.9%');\ncy.get('#Term').clear().type('539');\ncy.get('.rate').should('have.text', '2.9%');\ncy.get('#Term').clear().type('540');\ncy.get('.rate').should('have.text', '3.05%');\ncy.get('#Term').clear().type('541');\ncy.get('.rate').should('have.text', '3.05%');\ncy.get('#Term').clear().type('999');\ncy.get('.rate').should('have.text', '3.05%');",
              "err": {},
              "uuid": "5e8969c3-d01e-41e3-bef8-a88a62fe5d6f",
              "parentUUID": "379a4f4a-3eb3-4f29-b6df-03dfc2368038",
              "isHook": false,
              "skipped": false
            },
            {
              "title": "PBA-1148 calculo tasa y rendimientos 50M 99.9M",
              "fullTitle": "Sprint 39 PBA-1148 calculo tasa y rendimientos 50M 99.9M",
              "timedOut": null,
              "duration": 4337,
              "state": "passed",
              "speed": "slow",
              "pass": true,
              "fail": false,
              "pending": false,
              "context": null,
              "code": "cy.visit('https://rb-pasivo-dev-cdt-front.avaldigitallabs.com/');\ncy.get('#Amount').type('50000000');\ncy.get('#Term').type('90');\ncy.get('.rate').should('have.text', '2.55%');\ncy.get('#Term').clear().type('179');\ncy.get('.rate').should('have.text', '2.55%');\ncy.get('#Amount').clear().type('99999999');\ncy.get('.rate').should('have.text', '2.55%');\ncy.get('#Term').clear().type('180');\ncy.get('.rate').should('have.text', '2.75%');\ncy.get('#Term').clear().type('359');\ncy.get('.rate').should('have.text', '2.75%');\ncy.get('#Term').clear().type('360');\ncy.get('.rate').should('have.text', '2.9%');\ncy.get('#Term').clear().type('539');\ncy.get('.rate').should('have.text', '2.9%');\ncy.get('#Term').clear().type('540');\ncy.get('.rate').should('have.text', '3.05%');\ncy.get('#Term').clear().type('541');\ncy.get('.rate').should('have.text', '3.05%');\ncy.get('#Term').clear().type('999');\ncy.get('.rate').should('have.text', '3.05%');",
              "err": {},
              "uuid": "7b875134-9d3c-420a-bd48-3306c8766966",
              "parentUUID": "379a4f4a-3eb3-4f29-b6df-03dfc2368038",
              "isHook": false,
              "skipped": false
            },
            {
              "title": "PBA-1148 calculo tasa y rendimientos 100M 249.9M",
              "fullTitle": "Sprint 39 PBA-1148 calculo tasa y rendimientos 100M 249.9M",
              "timedOut": null,
              "duration": 4142,
              "state": "passed",
              "speed": "slow",
              "pass": true,
              "fail": false,
              "pending": false,
              "context": null,
              "code": "cy.visit('https://rb-pasivo-dev-cdt-front.avaldigitallabs.com/');\ncy.get('#Amount').type('100000000');\ncy.get('#Term').type('90');\ncy.get('.rate').should('have.text', '2.6%');\ncy.get('#Term').clear().type('179');\ncy.get('.rate').should('have.text', '2.6%');\ncy.get('#Amount').clear().type('249999999');\ncy.get('.rate').should('have.text', '2.6%');\ncy.get('#Term').clear().type('180');\ncy.get('.rate').should('have.text', '2.8%');\ncy.get('#Term').clear().type('359');\ncy.get('.rate').should('have.text', '2.8%');\ncy.get('#Term').clear().type('360');\ncy.get('.rate').should('have.text', '2.95%');\ncy.get('#Term').clear().type('539');\ncy.get('.rate').should('have.text', '2.95%');\ncy.get('#Term').clear().type('540');\ncy.get('.rate').should('have.text', '3.1%');\ncy.get('#Term').clear().type('541');\ncy.get('.rate').should('have.text', '3.1%');\ncy.get('#Term').clear().type('999');\ncy.get('.rate').should('have.text', '3.1%');",
              "err": {},
              "uuid": "fd4f5184-907c-423e-b783-f12c2cb9d9f1",
              "parentUUID": "379a4f4a-3eb3-4f29-b6df-03dfc2368038",
              "isHook": false,
              "skipped": false
            },
            {
              "title": "PBA-1148 calculo tasa y rendimientos 250M 499.9M",
              "fullTitle": "Sprint 39 PBA-1148 calculo tasa y rendimientos 250M 499.9M",
              "timedOut": null,
              "duration": 4154,
              "state": "passed",
              "speed": "slow",
              "pass": true,
              "fail": false,
              "pending": false,
              "context": null,
              "code": "cy.visit('https://rb-pasivo-dev-cdt-front.avaldigitallabs.com/');\ncy.get('#Amount').type('250000000');\ncy.get('#Term').type('90');\ncy.get('.rate').should('have.text', '2.65%');\ncy.get('#Term').clear().type('179');\ncy.get('.rate').should('have.text', '2.65%');\ncy.get('#Amount').clear().type('499999999');\ncy.get('.rate').should('have.text', '2.65%');\ncy.get('#Term').clear().type('180');\ncy.get('.rate').should('have.text', '2.85%');\ncy.get('#Term').clear().type('359');\ncy.get('.rate').should('have.text', '2.85%');\ncy.get('#Term').clear().type('360');\ncy.get('.rate').should('have.text', '3%');\ncy.get('#Term').clear().type('539');\ncy.get('.rate').should('have.text', '3%');\ncy.get('#Term').clear().type('540');\ncy.get('.rate').should('have.text', '3.15%');\ncy.get('#Term').clear().type('541');\ncy.get('.rate').should('have.text', '3.15%');\ncy.get('#Term').clear().type('999');\ncy.get('.rate').should('have.text', '3.15%');",
              "err": {},
              "uuid": "08efcea6-8c81-416a-9e21-e8a69f5318be",
              "parentUUID": "379a4f4a-3eb3-4f29-b6df-03dfc2368038",
              "isHook": false,
              "skipped": false
            },
            {
              "title": "PBA-1148 calculo tasa y rendimientos > 499.9M",
              "fullTitle": "Sprint 39 PBA-1148 calculo tasa y rendimientos > 499.9M",
              "timedOut": null,
              "duration": 7616,
              "state": "passed",
              "speed": "slow",
              "pass": true,
              "fail": false,
              "pending": false,
              "context": null,
              "code": "cy.visit('https://rb-pasivo-dev-cdt-front.avaldigitallabs.com/');\ncy.get('#Amount').type('500000000');\ncy.get('#Term').type('90');\ncy.get('.rate').should('have.text', '2.7%');\ncy.get('#Term').clear().type('119');\ncy.get('.rate').should('have.text', '2.7%');\ncy.get('#Term').clear().type('120');\ncy.get('.rate').should('have.text', '2.75%');\ncy.get('#Term').clear().type('179');\ncy.get('.rate').should('have.text', '2.75%');\ncy.get('#Term').clear().type('180');\ncy.get('.rate').should('have.text', '2.9%');\ncy.get('#Term').clear().type('359');\ncy.get('.rate').should('have.text', '2.9%');\ncy.get('#Term').clear().type('360');\ncy.get('.rate').should('have.text', '3.05%');\ncy.get('#Term').clear().type('539');\ncy.get('.rate').should('have.text', '3.05%');\ncy.get('#Term').clear().type('540');\ncy.get('.rate').should('have.text', '3.2%');\ncy.get('#Term').clear().type('541');\ncy.get('.rate').should('have.text', '3.2%');\ncy.get('#Term').clear().type('999');\ncy.get('.rate').should('have.text', '3.2%');\ncy.get('#Amount').clear().type('1000000000');\ncy.get('#Term').clear().type('90');\ncy.get('.rate').should('have.text', '2.7%');\ncy.get('#Term').clear().type('119');\ncy.get('.rate').should('have.text', '2.7%');\ncy.get('#Term').clear().type('120');\ncy.get('.rate').should('have.text', '2.75%');\ncy.get('#Term').clear().type('179');\ncy.get('.rate').should('have.text', '2.75%');\ncy.get('#Term').clear().type('180');\ncy.get('.rate').should('have.text', '2.9%');\ncy.get('#Term').clear().type('359');\ncy.get('.rate').should('have.text', '2.9%');\ncy.get('#Term').clear().type('360');\ncy.get('.rate').should('have.text', '3.05%');\ncy.get('#Term').clear().type('539');\ncy.get('.rate').should('have.text', '3.05%');\ncy.get('#Term').clear().type('540');\ncy.get('.rate').should('have.text', '3.2%');\ncy.get('#Term').clear().type('541');\ncy.get('.rate').should('have.text', '3.2%');\ncy.get('#Term').clear().type('999');\ncy.get('.rate').should('have.text', '3.2%');",
              "err": {},
              "uuid": "4e43f12a-b59e-42b1-9822-a61b4fd2267c",
              "parentUUID": "379a4f4a-3eb3-4f29-b6df-03dfc2368038",
              "isHook": false,
              "skipped": false
            }
          ],
          "suites": [],
          "passes": [
            "90f80e0a-8925-455d-8ca5-f1798e1455ea",
            "229ef59b-96ed-420d-b679-ebf27600e5d2",
            "5e8969c3-d01e-41e3-bef8-a88a62fe5d6f",
            "7b875134-9d3c-420a-bd48-3306c8766966",
            "fd4f5184-907c-423e-b783-f12c2cb9d9f1",
            "08efcea6-8c81-416a-9e21-e8a69f5318be",
            "4e43f12a-b59e-42b1-9822-a61b4fd2267c"
          ],
          "failures": [],
          "pending": [],
          "skipped": [],
          "duration": 34954,
          "root": false,
          "rootEmpty": false,
          "_timeout": 2000
        }
      ],
      "passes": [],
      "failures": [],
      "pending": [],
      "skipped": [],
      "duration": 0,
      "root": true,
      "rootEmpty": true,
      "_timeout": 2000
    }
  ],
  "meta": {
    "mocha": {
      "version": "7.2.0"
    },
    "mochawesome": {
      "options": {
        "quiet": false,
        "reportFilename": "mochawesome",
        "saveHtml": false,
        "saveJson": true,
        "consoleReporter": "spec",
        "useInlineDiffs": false,
        "code": true
      },
      "version": "6.1.1"
    },
    "marge": {
      "options": {
        "id": "default",
        "reportDir": "cypress/reports/mocha",
        "quite": true,
        "overwrite": false,
        "html": false,
        "json": true
      },
      "version": "5.1.0"
    }
  }
}