{
  "stats": {
    "suites": 1,
    "tests": 6,
    "passes": 0,
    "pending": 0,
    "failures": 6,
    "start": "2020-11-23T22:02:14.912Z",
    "end": "2020-11-23T22:03:27.475Z",
    "duration": 72563,
    "testsRegistered": 6,
    "passPercent": 0,
    "pendingPercent": 0,
    "other": 0,
    "hasOther": false,
    "skipped": 0,
    "hasSkipped": false
  },
  "results": [
    {
      "uuid": "6fc97a29-6068-4ae0-80e9-9ca231b8f894",
      "title": "",
      "fullFile": "cypress/integration/test/sprints/sprint40.js",
      "file": "cypress/integration/test/sprints/sprint40.js",
      "beforeHooks": [],
      "afterHooks": [],
      "tests": [],
      "suites": [
        {
          "uuid": "4f44ec20-a948-4a76-a2fa-50963bacab51",
          "title": "Sprint 40",
          "fullFile": "",
          "file": "",
          "beforeHooks": [],
          "afterHooks": [],
          "tests": [
            {
              "title": "PBA-1294 calculo 500K 9.9M",
              "fullTitle": "Sprint 40 PBA-1294 calculo 500K 9.9M",
              "timedOut": null,
              "duration": 13409,
              "state": "failed",
              "speed": null,
              "pass": false,
              "fail": true,
              "pending": false,
              "context": null,
              "code": "var userConditions = {\n  client: true,\n  updated: true\n};\ncy.MockWs(userConditions); //Dado que el usuario esta en la pantalla de configuración de CDT\nvar amount = 500000;\nvar term = 90;\ncy.FillInfoOnLanding();\ncy.FillFormCDTStep();\ncy.AcceptPep();\ncy.ValidateCalc(amount, term);\namount = 9999999;\nterm = 90;\ncy.ValidateCalc(amount, term);",
              "err": {
                "message": "TypeError: $elem.text(...).replace(...).replaceAll is not a function",
                "estack": "TypeError: $elem.text(...).replace(...).replaceAll is not a function\n    at Context.<anonymous> (https://rb-pasivo-dev-front.avaldigitallabs.com/__cypress/tests?p=cypress/support/index.js-484:451:45)",
                "diff": null
              },
              "uuid": "99fd3c5e-76e7-4490-9b7f-e2f091325d32",
              "parentUUID": "4f44ec20-a948-4a76-a2fa-50963bacab51",
              "isHook": false,
              "skipped": false
            },
            {
              "title": "PBA-1294 calculo 10M-19.9M",
              "fullTitle": "Sprint 40 PBA-1294 calculo 10M-19.9M",
              "timedOut": null,
              "duration": 10654,
              "state": "failed",
              "speed": null,
              "pass": false,
              "fail": true,
              "pending": false,
              "context": null,
              "code": "var userConditions = {\n  client: true,\n  updated: true\n};\ncy.MockWs(userConditions); //Dado que el usuario esta en la pantalla de configuración de CDT\nvar amount = 9999999;\nvar term = 90;\ncy.FillInfoOnLanding();\ncy.FillFormCDTStep();\ncy.AcceptPep();\ncy.ValidateCalc(amount, term);\namount = 19999999;\nterm = 90;\ncy.ValidateCalc(amount, term);",
              "err": {
                "message": "TypeError: $elem.text(...).replace(...).replaceAll is not a function",
                "estack": "TypeError: $elem.text(...).replace(...).replaceAll is not a function\n    at Context.<anonymous> (https://rb-pasivo-dev-front.avaldigitallabs.com/__cypress/tests?p=cypress/support/index.js-484:451:45)",
                "diff": null
              },
              "uuid": "7c868a4d-0aeb-4556-8b32-7e2285c08daa",
              "parentUUID": "4f44ec20-a948-4a76-a2fa-50963bacab51",
              "isHook": false,
              "skipped": false
            },
            {
              "title": "PBA-1294 calculo 20M-99.9M",
              "fullTitle": "Sprint 40 PBA-1294 calculo 20M-99.9M",
              "timedOut": null,
              "duration": 11203,
              "state": "failed",
              "speed": null,
              "pass": false,
              "fail": true,
              "pending": false,
              "context": null,
              "code": "var userConditions = {\n  client: true,\n  updated: true\n};\ncy.MockWs(userConditions); //Dado que el usuario esta en la pantalla de configuración de CDT\nvar amount = 20000000;\nvar term = 90;\ncy.FillInfoOnLanding();\ncy.FillFormCDTStep();\ncy.AcceptPep();\ncy.ValidateCalc(amount, term);\namount = 99999999;\nterm = 90;\ncy.ValidateCalc(amount, term);",
              "err": {
                "message": "TypeError: $elem.text(...).replace(...).replaceAll is not a function",
                "estack": "TypeError: $elem.text(...).replace(...).replaceAll is not a function\n    at Context.<anonymous> (https://rb-pasivo-dev-front.avaldigitallabs.com/__cypress/tests?p=cypress/support/index.js-484:451:45)",
                "diff": null
              },
              "uuid": "a83763d2-d94c-4693-b801-bc764290fd9f",
              "parentUUID": "4f44ec20-a948-4a76-a2fa-50963bacab51",
              "isHook": false,
              "skipped": false
            },
            {
              "title": "PBA-1294 calculo 100M-249.9M",
              "fullTitle": "Sprint 40 PBA-1294 calculo 100M-249.9M",
              "timedOut": null,
              "duration": 12030,
              "state": "failed",
              "speed": null,
              "pass": false,
              "fail": true,
              "pending": false,
              "context": null,
              "code": "var userConditions = {\n  client: true,\n  updated: true\n};\ncy.MockWs(userConditions); //Dado que el usuario esta en la pantalla de configuración de CDT\nvar amount = 100000000;\nvar term = 90;\ncy.FillInfoOnLanding();\ncy.FillFormCDTStep();\ncy.AcceptPep();\ncy.ValidateCalc(amount, term);\namount = 249999999;\nterm = 90;\ncy.ValidateCalc(amount, term);",
              "err": {
                "message": "TypeError: $elem.text(...).replace(...).replaceAll is not a function",
                "estack": "TypeError: $elem.text(...).replace(...).replaceAll is not a function\n    at Context.<anonymous> (https://rb-pasivo-dev-front.avaldigitallabs.com/__cypress/tests?p=cypress/support/index.js-484:451:45)",
                "diff": null
              },
              "uuid": "dc7165d7-ddce-4762-82e1-743271e25cf5",
              "parentUUID": "4f44ec20-a948-4a76-a2fa-50963bacab51",
              "isHook": false,
              "skipped": false
            },
            {
              "title": "PBA-1294 calculo 250-499.9M",
              "fullTitle": "Sprint 40 PBA-1294 calculo 250-499.9M",
              "timedOut": null,
              "duration": 12469,
              "state": "failed",
              "speed": null,
              "pass": false,
              "fail": true,
              "pending": false,
              "context": null,
              "code": "var userConditions = {\n  client: true,\n  updated: true\n};\ncy.MockWs(userConditions); //Dado que el usuario esta en la pantalla de configuración de CDT\nvar amount = 250000000;\nvar term = 90;\ncy.FillInfoOnLanding();\ncy.FillFormCDTStep();\ncy.AcceptPep();\ncy.ValidateCalc(amount, term);\namount = 499999999;\nterm = 90;\ncy.ValidateCalc(amount, term);",
              "err": {
                "message": "TypeError: $elem.text(...).replace(...).replaceAll is not a function",
                "estack": "TypeError: $elem.text(...).replace(...).replaceAll is not a function\n    at Context.<anonymous> (https://rb-pasivo-dev-front.avaldigitallabs.com/__cypress/tests?p=cypress/support/index.js-484:451:45)",
                "diff": null
              },
              "uuid": "900e7474-7453-4035-a159-c904703803bf",
              "parentUUID": "4f44ec20-a948-4a76-a2fa-50963bacab51",
              "isHook": false,
              "skipped": false
            },
            {
              "title": "PBA-1294 calculo >499.9M",
              "fullTitle": "Sprint 40 PBA-1294 calculo >499.9M",
              "timedOut": null,
              "duration": 12570,
              "state": "failed",
              "speed": null,
              "pass": false,
              "fail": true,
              "pending": false,
              "context": null,
              "code": "var userConditions = {\n  client: true,\n  updated: true\n};\ncy.MockWs(userConditions); //Dado que el usuario esta en la pantalla de configuración de CDT\nvar amount = 500000000;\nvar term = 90;\ncy.FillInfoOnLanding();\ncy.FillFormCDTStep();\ncy.AcceptPep();\ncy.ValidateCalc(amount, term);\namount = 1000000000;\nterm = 90;\ncy.ValidateCalc(amount, term);",
              "err": {
                "message": "TypeError: $elem.text(...).replace(...).replaceAll is not a function",
                "estack": "TypeError: $elem.text(...).replace(...).replaceAll is not a function\n    at Context.<anonymous> (https://rb-pasivo-dev-front.avaldigitallabs.com/__cypress/tests?p=cypress/support/index.js-484:451:45)",
                "diff": null
              },
              "uuid": "4ac6e1da-0492-423f-aacd-a4f47e9a2226",
              "parentUUID": "4f44ec20-a948-4a76-a2fa-50963bacab51",
              "isHook": false,
              "skipped": false
            }
          ],
          "suites": [],
          "passes": [],
          "failures": [
            "99fd3c5e-76e7-4490-9b7f-e2f091325d32",
            "7c868a4d-0aeb-4556-8b32-7e2285c08daa",
            "a83763d2-d94c-4693-b801-bc764290fd9f",
            "dc7165d7-ddce-4762-82e1-743271e25cf5",
            "900e7474-7453-4035-a159-c904703803bf",
            "4ac6e1da-0492-423f-aacd-a4f47e9a2226"
          ],
          "pending": [],
          "skipped": [],
          "duration": 72335,
          "root": false,
          "rootEmpty": false,
          "_timeout": 2000
        }
      ],
      "passes": [],
      "failures": [],
      "pending": [],
      "skipped": [],
      "duration": 0,
      "root": true,
      "rootEmpty": true,
      "_timeout": 2000
    }
  ],
  "meta": {
    "mocha": {
      "version": "7.2.0"
    },
    "mochawesome": {
      "options": {
        "quiet": false,
        "reportFilename": "mochawesome",
        "saveHtml": false,
        "saveJson": true,
        "consoleReporter": "spec",
        "useInlineDiffs": false,
        "code": true
      },
      "version": "6.1.1"
    },
    "marge": {
      "options": {
        "id": "default",
        "reportDir": "cypress/reports/mocha",
        "quite": true,
        "overwrite": false,
        "html": false,
        "json": true
      },
      "version": "5.1.0"
    }
  }
}