{
  "stats": {
    "suites": 1,
    "tests": 1,
    "passes": 0,
    "pending": 0,
    "failures": 1,
    "start": "2020-11-24T00:14:48.263Z",
    "end": "2020-11-24T00:14:59.029Z",
    "duration": 10766,
    "testsRegistered": 1,
    "passPercent": 0,
    "pendingPercent": 0,
    "other": 0,
    "hasOther": false,
    "skipped": 0,
    "hasSkipped": false
  },
  "results": [
    {
      "uuid": "9dd5afa2-cfee-4549-b7e2-d12d67d0fe53",
      "title": "",
      "fullFile": "cypress/integration/test/sprints/sprint40.js",
      "file": "cypress/integration/test/sprints/sprint40.js",
      "beforeHooks": [],
      "afterHooks": [],
      "tests": [],
      "suites": [
        {
          "uuid": "b3a9e7b7-edd7-4d2f-8730-d0337fa2de6c",
          "title": "Sprint 40",
          "fullFile": "",
          "file": "",
          "beforeHooks": [],
          "afterHooks": [],
          "tests": [
            {
              "title": "PBA-1294 calculo 500K 9.9M",
              "fullTitle": "Sprint 40 PBA-1294 calculo 500K 9.9M",
              "timedOut": null,
              "duration": 10745,
              "state": "failed",
              "speed": null,
              "pass": false,
              "fail": true,
              "pending": false,
              "context": null,
              "code": "var userConditions = {\n  client: true,\n  updated: true\n};\ncy.MockWs(userConditions); //Dado que el usuario esta en la pantalla de configuración de CDT\nvar amount = 500000;\nvar term = 90;\ncy.FillInfoOnLanding();\ncy.FillFormCDTStep();\ncy.AcceptPep();\ncy.ValidateCalc(amount, term);\namount = 9999999;\nterm = 90;\ncy.ValidateCalc(amount, term);",
              "err": {
                "message": "TypeError: $elem.text(...).replace(...).replaceAll is not a function",
                "estack": "TypeError: $elem.text(...).replace(...).replaceAll is not a function\n    at Context.<anonymous> (https://rb-pasivo-dev-front.avaldigitallabs.com/__cypress/tests?p=cypress/support/index.js-631:451:45)",
                "diff": null
              },
              "uuid": "6aecc702-6bcb-4b01-a151-daaff7b8cebe",
              "parentUUID": "b3a9e7b7-edd7-4d2f-8730-d0337fa2de6c",
              "isHook": false,
              "skipped": false
            }
          ],
          "suites": [],
          "passes": [],
          "failures": [
            "6aecc702-6bcb-4b01-a151-daaff7b8cebe"
          ],
          "pending": [],
          "skipped": [],
          "duration": 10745,
          "root": false,
          "rootEmpty": false,
          "_timeout": 2000
        }
      ],
      "passes": [],
      "failures": [],
      "pending": [],
      "skipped": [],
      "duration": 0,
      "root": true,
      "rootEmpty": true,
      "_timeout": 2000
    }
  ],
  "meta": {
    "mocha": {
      "version": "7.2.0"
    },
    "mochawesome": {
      "options": {
        "quiet": false,
        "reportFilename": "mochawesome",
        "saveHtml": false,
        "saveJson": true,
        "consoleReporter": "spec",
        "useInlineDiffs": false,
        "code": true
      },
      "version": "6.1.1"
    },
    "marge": {
      "options": {
        "id": "default",
        "reportDir": "cypress/reports/mocha",
        "quite": true,
        "overwrite": false,
        "html": false,
        "json": true
      },
      "version": "5.1.0"
    }
  }
}