{
  "stats": {
    "suites": 1,
    "tests": 5,
    "passes": 1,
    "pending": 0,
    "failures": 4,
    "start": "2020-08-04T19:03:05.148Z",
    "end": "2020-08-04T19:07:34.843Z",
    "duration": 269695,
    "testsRegistered": 5,
    "passPercent": 20,
    "pendingPercent": 0,
    "other": 0,
    "hasOther": false,
    "skipped": 0,
    "hasSkipped": false
  },
  "results": [
    {
      "uuid": "37e323e0-2886-4e15-8da1-480a5cd966b3",
      "title": "",
      "fullFile": "cypress/integration/test/sprints/sprint34.js",
      "file": "cypress/integration/test/sprints/sprint34.js",
      "beforeHooks": [],
      "afterHooks": [],
      "tests": [],
      "suites": [
        {
          "uuid": "6a50812a-fb53-43c5-98d7-1c6b95dac2e0",
          "title": "test pasivo",
          "fullFile": "",
          "file": "",
          "beforeHooks": [],
          "afterHooks": [],
          "tests": [
            {
              "title": "PBA-1288 Integrar redux a la aplicación",
              "fullTitle": "test pasivo PBA-1288 Integrar redux a la aplicación",
              "timedOut": null,
              "duration": 66362,
              "state": "failed",
              "speed": null,
              "pass": false,
              "fail": true,
              "pending": false,
              "context": null,
              "code": "var userConditions = {\n  client: true,\n  updated: false,\n  cat: true,\n  channles: true,\n  docs: 'Empleado',\n  sqs: 'success',\n  generateUrl: 'two docs',\n  loadPresigned: 'any'\n};\ncy.MockWs(userConditions);\ncy.FillForm('stg');\ncy.AcceptPep();\ncy.SelectAccount('PRO');\ncy.AcceptInsurance('Si');\nfor (var i = 0; i < 3; i++) {\n  cy.OtpAuthentication();\n  cy.get('.error > .ng-star-inserted').should('be.visible');\n  cy.get('#OtpButton', {\n    timeout: 20000\n  }).click();\n  cy.WaitLoader();\n  cy.get('.error').should('contain', 'La clave que ingresaste no corresponde a la enviada');\n  cy.get('#OtpButton', {\n    timeout: 20000\n  }).click();\n  cy.WaitLoader();\n  cy.get('.mat-input-element', {\n    timeout: 20000\n  }).first().should('be.disabled');\n  cy.get('.error', {\n    timeout: 20000\n  }).should('contain', 'Excediste el número de intentos, solicita un nuevo código');\n  cy.get('#GenerateNewOtpButton', {\n    timeout: 20000\n  }).click();\n  cy.WaitLoader();\n}\ncy.get('#GenerateNewOtpButton').should('be.not.visible');\ncy.OtpAuthentication();\ncy.get('#OtpButton', {\n  timeout: 20000\n}).click();\ncy.WaitLoader();\ncy.get('.error').should('contain', 'La clave que ingresaste no corresponde a la enviada');\ncy.get('#OtpButton', {\n  timeout: 20000\n}).click();\ncy.WaitLoader();\ncy.url().should('include', 'general-error');",
              "err": {
                "message": "CypressError: Timed out retrying: Expected to find element: '.blobs', but never found it.",
                "estack": "CypressError: Timed out retrying: Expected to find element: '.blobs', but never found it.\n    at Object.cypressErr (https://rb-pasivo-dev-front.avaldigitallabs.com/__cypress/runner/cypress_runner.js:86207:11)\n    at Object.throwErr (https://rb-pasivo-dev-front.avaldigitallabs.com/__cypress/runner/cypress_runner.js:86162:18)\n    at Object.throwErrByPath (https://rb-pasivo-dev-front.avaldigitallabs.com/__cypress/runner/cypress_runner.js:86194:17)\n    at retry (https://rb-pasivo-dev-front.avaldigitallabs.com/__cypress/runner/cypress_runner.js:76849:16)\n    at onFailFn (https://rb-pasivo-dev-front.avaldigitallabs.com/__cypress/runner/cypress_runner.js:65634:16)\n    at tryCatcher (https://rb-pasivo-dev-front.avaldigitallabs.com/__cypress/runner/cypress_runner.js:120203:23)\n    at Promise._settlePromiseFromHandler (https://rb-pasivo-dev-front.avaldigitallabs.com/__cypress/runner/cypress_runner.js:118139:31)\n    at Promise._settlePromise (https://rb-pasivo-dev-front.avaldigitallabs.com/__cypress/runner/cypress_runner.js:118196:18)\n    at Promise._settlePromise0 (https://rb-pasivo-dev-front.avaldigitallabs.com/__cypress/runner/cypress_runner.js:118241:10)\n    at Promise._settlePromises (https://rb-pasivo-dev-front.avaldigitallabs.com/__cypress/runner/cypress_runner.js:118316:18)\n    at Async../node_modules/bluebird/js/release/async.js.Async._drainQueue (https://rb-pasivo-dev-front.avaldigitallabs.com/__cypress/runner/cypress_runner.js:114928:16)\n    at Async../node_modules/bluebird/js/release/async.js.Async._drainQueues (https://rb-pasivo-dev-front.avaldigitallabs.com/__cypress/runner/cypress_runner.js:114938:10)\n    at Async.drainQueues (https://rb-pasivo-dev-front.avaldigitallabs.com/__cypress/runner/cypress_runner.js:114812:14)",
                "diff": null
              },
              "uuid": "328b15e9-b060-46ee-8058-29b19c2bca26",
              "parentUUID": "6a50812a-fb53-43c5-98d7-1c6b95dac2e0",
              "isHook": false,
              "skipped": false
            },
            {
              "title": "PBA-1233 Redireccion actualizado a PEP",
              "fullTitle": "test pasivo PBA-1233 Redireccion actualizado a PEP",
              "timedOut": null,
              "duration": 6064,
              "state": "passed",
              "speed": "slow",
              "pass": true,
              "fail": false,
              "pending": false,
              "context": null,
              "code": "var userConditions = {\n  client: true,\n  updated: true,\n  cat: false,\n  channles: false,\n  docs: 'Empleado',\n  sqs: 'success'\n};\ncy.MockWs(userConditions);\ncy.FillForm();\ncy.get('#SubmitFormPEP', {\n  timeout: 120000\n}).should('be.visible');",
              "err": {},
              "uuid": "6ed34836-22e0-449f-bbbe-cc8101c2f842",
              "parentUUID": "6a50812a-fb53-43c5-98d7-1c6b95dac2e0",
              "isHook": false,
              "skipped": false
            },
            {
              "title": "PBA-1262 POP UP para cargue de solo cédula",
              "fullTitle": "test pasivo PBA-1262 POP UP para cargue de solo cédula",
              "timedOut": null,
              "duration": 65574,
              "state": "failed",
              "speed": null,
              "pass": false,
              "fail": true,
              "pending": false,
              "context": null,
              "code": "var userConditions = {\n  client: true,\n  updated: false,\n  cat: false,\n  channles: true,\n  docs: 'cc',\n  sqs: 'success'\n};\nvar flowConditions = {\n  accountType: 'SIMPLE',\n  insurance: 'Si',\n  gmf: false,\n  declaring: true\n};\ncy.MockWs(userConditions);\ncy.FillForm();\ncy.AcceptPep();\ncy.SelectAccount('SIMPLE');\ncy.AcceptInsurance('Si');\ncy.OtpAuthentication();\ncy.SelectActivity('Empleado');\ncy.WaitLoader();\ncy.FillContactForm('Empleado');\ncy.FillSendAddress();\ncy.DeclaringOption(true);\ncy.WaitLoader();\ncy.get('#SubmitUploadDocumentsForm').should('be.disabled');\ncy.get('.btn-card').click();\ncy.get('#mat-dialog-0').as('popup');\nvar titulo = 'Coloca el documento en posición vertical sobre un fondo blanco, apaga el flash y toma la foto con tu celular';\nvar descr1 = '- La cédula puedes subirla en formato JPG o PNG y el resto de documentos en PDF, JPG o PNG.';\nvar descr2 = ' - Sube archivos con formato  JPG o PNG que no tengan un peso mayor a 3 MB. ';\nvar descr3 = ' - Ten en cuenta que no se vean brillos o sombras y que la información sea legible. ';\ncy.get('@popup').should('contain', titulo).and('not.contain', descr1).and('contain', descr2).and('contain', descr3);\ncy.get('ul > .ng-star-inserted').scrollIntoView();\ncy.get('ul > :nth-child(2)').scrollIntoView();",
              "err": {
                "message": "CypressError: Timed out retrying: Expected to find element: '.blobs', but never found it.",
                "estack": "CypressError: Timed out retrying: Expected to find element: '.blobs', but never found it.\n    at Object.cypressErr (https://rb-pasivo-dev-front.avaldigitallabs.com/__cypress/runner/cypress_runner.js:86207:11)\n    at Object.throwErr (https://rb-pasivo-dev-front.avaldigitallabs.com/__cypress/runner/cypress_runner.js:86162:18)\n    at Object.throwErrByPath (https://rb-pasivo-dev-front.avaldigitallabs.com/__cypress/runner/cypress_runner.js:86194:17)\n    at retry (https://rb-pasivo-dev-front.avaldigitallabs.com/__cypress/runner/cypress_runner.js:76849:16)\n    at onFailFn (https://rb-pasivo-dev-front.avaldigitallabs.com/__cypress/runner/cypress_runner.js:65634:16)\n    at tryCatcher (https://rb-pasivo-dev-front.avaldigitallabs.com/__cypress/runner/cypress_runner.js:120203:23)\n    at Promise._settlePromiseFromHandler (https://rb-pasivo-dev-front.avaldigitallabs.com/__cypress/runner/cypress_runner.js:118139:31)\n    at Promise._settlePromise (https://rb-pasivo-dev-front.avaldigitallabs.com/__cypress/runner/cypress_runner.js:118196:18)\n    at Promise._settlePromise0 (https://rb-pasivo-dev-front.avaldigitallabs.com/__cypress/runner/cypress_runner.js:118241:10)\n    at Promise._settlePromises (https://rb-pasivo-dev-front.avaldigitallabs.com/__cypress/runner/cypress_runner.js:118316:18)\n    at Async../node_modules/bluebird/js/release/async.js.Async._drainQueue (https://rb-pasivo-dev-front.avaldigitallabs.com/__cypress/runner/cypress_runner.js:114928:16)\n    at Async../node_modules/bluebird/js/release/async.js.Async._drainQueues (https://rb-pasivo-dev-front.avaldigitallabs.com/__cypress/runner/cypress_runner.js:114938:10)\n    at Async.drainQueues (https://rb-pasivo-dev-front.avaldigitallabs.com/__cypress/runner/cypress_runner.js:114812:14)",
                "diff": null
              },
              "uuid": "1b1d2edb-0592-4ad2-bc3c-363220996b8c",
              "parentUUID": "6a50812a-fb53-43c5-98d7-1c6b95dac2e0",
              "isHook": false,
              "skipped": false
            },
            {
              "title": "PBA-1262 POP UP para cargue de documento diferente a la cédula",
              "fullTitle": "test pasivo PBA-1262 POP UP para cargue de documento diferente a la cédula",
              "timedOut": null,
              "duration": 64542,
              "state": "failed",
              "speed": null,
              "pass": false,
              "fail": true,
              "pending": false,
              "context": null,
              "code": "var userConditions = {\n  client: true,\n  updated: false,\n  cat: true,\n  channles: true,\n  docs: 'no cc',\n  sqs: 'success',\n  generateUrl: 'two docs',\n  loadPresigned: 'any'\n};\ncy.MockWs(userConditions);\ncy.FillForm();\ncy.AcceptPep();\ncy.SelectAccount('PRO');\ncy.AcceptInsurance('Si');\ncy.OtpAuthentication();\ncy.SelectActivity('Empleado');\ncy.WaitLoader();\ncy.FillContactForm('Empleado');\ncy.SelectForeignData();\ncy.SelectFinancialInformation(false);\ncy.FillSendAddress();\ncy.DeclaringOption(true);\ncy.WaitLoader();\ncy.get('#SubmitUploadDocumentsForm').should('be.disabled');\ncy.get('.btn-card').click();\ncy.get('#mat-dialog-0').as('popup');\nvar titulo = 'Coloca el documento en posición vertical sobre un fondo blanco, apaga el flash y toma la foto con tu celular';\nvar descr1 = '- La cédula puedes subirla en formato JPG o PNG y el resto de documentos en PDF, JPG o PNG.';\nvar descr2 = '- Sube archivos con formato PDF, JPG o PNG que no tengan un peso mayor a 3 MB.';\nvar descr3 = ' - Ten en cuenta que no se vean brillos o sombras y que la información sea legible.';\ncy.get('ul > :nth-child(1)').scrollIntoView();\ncy.get('ul > :nth-child(2)').scrollIntoView();\ncy.get('@popup').should('contain', titulo).and('not.contain', descr1).and('contain', descr2).and('contain', descr3);",
              "err": {
                "message": "CypressError: Timed out retrying: Expected to find element: '.blobs', but never found it.",
                "estack": "CypressError: Timed out retrying: Expected to find element: '.blobs', but never found it.\n    at Object.cypressErr (https://rb-pasivo-dev-front.avaldigitallabs.com/__cypress/runner/cypress_runner.js:86207:11)\n    at Object.throwErr (https://rb-pasivo-dev-front.avaldigitallabs.com/__cypress/runner/cypress_runner.js:86162:18)\n    at Object.throwErrByPath (https://rb-pasivo-dev-front.avaldigitallabs.com/__cypress/runner/cypress_runner.js:86194:17)\n    at retry (https://rb-pasivo-dev-front.avaldigitallabs.com/__cypress/runner/cypress_runner.js:76849:16)\n    at onFailFn (https://rb-pasivo-dev-front.avaldigitallabs.com/__cypress/runner/cypress_runner.js:65634:16)\n    at tryCatcher (https://rb-pasivo-dev-front.avaldigitallabs.com/__cypress/runner/cypress_runner.js:120203:23)\n    at Promise._settlePromiseFromHandler (https://rb-pasivo-dev-front.avaldigitallabs.com/__cypress/runner/cypress_runner.js:118139:31)\n    at Promise._settlePromise (https://rb-pasivo-dev-front.avaldigitallabs.com/__cypress/runner/cypress_runner.js:118196:18)\n    at Promise._settlePromise0 (https://rb-pasivo-dev-front.avaldigitallabs.com/__cypress/runner/cypress_runner.js:118241:10)\n    at Promise._settlePromises (https://rb-pasivo-dev-front.avaldigitallabs.com/__cypress/runner/cypress_runner.js:118316:18)\n    at Async../node_modules/bluebird/js/release/async.js.Async._drainQueue (https://rb-pasivo-dev-front.avaldigitallabs.com/__cypress/runner/cypress_runner.js:114928:16)\n    at Async../node_modules/bluebird/js/release/async.js.Async._drainQueues (https://rb-pasivo-dev-front.avaldigitallabs.com/__cypress/runner/cypress_runner.js:114938:10)\n    at Async.drainQueues (https://rb-pasivo-dev-front.avaldigitallabs.com/__cypress/runner/cypress_runner.js:114812:14)",
                "diff": null
              },
              "uuid": "8335eb5e-2348-48db-9f1e-9aa97df584f5",
              "parentUUID": "6a50812a-fb53-43c5-98d7-1c6b95dac2e0",
              "isHook": false,
              "skipped": false
            },
            {
              "title": "PBA-1262 POP UP para cargue de cédula y otro documento",
              "fullTitle": "test pasivo PBA-1262 POP UP para cargue de cédula y otro documento",
              "timedOut": null,
              "duration": 67012,
              "state": "failed",
              "speed": null,
              "pass": false,
              "fail": true,
              "pending": false,
              "context": null,
              "code": "var userConditions = {\n  client: true,\n  updated: false,\n  cat: true,\n  channles: true,\n  docs: 'Empleado',\n  sqs: 'success',\n  generateUrl: 'two docs',\n  loadPresigned: 'any'\n};\ncy.MockWs(userConditions);\ncy.FillForm();\ncy.AcceptPep();\ncy.SelectAccount('PRO');\ncy.AcceptInsurance('Si');\ncy.OtpAuthentication();\ncy.SelectActivity('Empleado');\ncy.WaitLoader();\ncy.FillContactForm('Empleado');\ncy.SelectForeignData();\ncy.SelectFinancialInformation(false);\ncy.FillSendAddress();\ncy.DeclaringOption(true);\ncy.WaitLoader();\ncy.get('#SubmitUploadDocumentsForm').should('be.disabled');\ncy.get('.btn-card').click();\ncy.get('#mat-dialog-0').as('popup');\nvar titulo = 'Coloca el documento en posición vertical sobre un fondo blanco, apaga el flash y toma la foto con tu celular';\nvar descr1 = '- La cédula puedes subirla en formato JPG o PNG y el resto de documentos en PDF, JPG o PNG.';\nvar descr2 = 'Los archivos no pueden tener un peso mayor a 3 MB.';\nvar descr3 = ' - Ten en cuenta que no se vean brillos o sombras y que la información sea legible. ';\ncy.get('ul > :nth-child(1)').scrollIntoView();\ncy.get('ul > :nth-child(2)').scrollIntoView();\ncy.get('ul > :nth-child(3)').scrollIntoView();\ncy.get('@popup').should('contain', titulo).and('contain', descr1).and('contain', descr2).and('contain', descr3);",
              "err": {
                "message": "CypressError: Timed out retrying: Expected to find element: '.blobs', but never found it.",
                "estack": "CypressError: Timed out retrying: Expected to find element: '.blobs', but never found it.\n    at Object.cypressErr (https://rb-pasivo-dev-front.avaldigitallabs.com/__cypress/runner/cypress_runner.js:86207:11)\n    at Object.throwErr (https://rb-pasivo-dev-front.avaldigitallabs.com/__cypress/runner/cypress_runner.js:86162:18)\n    at Object.throwErrByPath (https://rb-pasivo-dev-front.avaldigitallabs.com/__cypress/runner/cypress_runner.js:86194:17)\n    at retry (https://rb-pasivo-dev-front.avaldigitallabs.com/__cypress/runner/cypress_runner.js:76849:16)\n    at onFailFn (https://rb-pasivo-dev-front.avaldigitallabs.com/__cypress/runner/cypress_runner.js:65634:16)\n    at tryCatcher (https://rb-pasivo-dev-front.avaldigitallabs.com/__cypress/runner/cypress_runner.js:120203:23)\n    at Promise._settlePromiseFromHandler (https://rb-pasivo-dev-front.avaldigitallabs.com/__cypress/runner/cypress_runner.js:118139:31)\n    at Promise._settlePromise (https://rb-pasivo-dev-front.avaldigitallabs.com/__cypress/runner/cypress_runner.js:118196:18)\n    at Promise._settlePromise0 (https://rb-pasivo-dev-front.avaldigitallabs.com/__cypress/runner/cypress_runner.js:118241:10)\n    at Promise._settlePromises (https://rb-pasivo-dev-front.avaldigitallabs.com/__cypress/runner/cypress_runner.js:118316:18)\n    at Async../node_modules/bluebird/js/release/async.js.Async._drainQueue (https://rb-pasivo-dev-front.avaldigitallabs.com/__cypress/runner/cypress_runner.js:114928:16)\n    at Async../node_modules/bluebird/js/release/async.js.Async._drainQueues (https://rb-pasivo-dev-front.avaldigitallabs.com/__cypress/runner/cypress_runner.js:114938:10)\n    at Async.drainQueues (https://rb-pasivo-dev-front.avaldigitallabs.com/__cypress/runner/cypress_runner.js:114812:14)",
                "diff": null
              },
              "uuid": "0f6d1e1c-cf5b-457e-9f7e-02c730c8c5a7",
              "parentUUID": "6a50812a-fb53-43c5-98d7-1c6b95dac2e0",
              "isHook": false,
              "skipped": false
            }
          ],
          "suites": [],
          "passes": [
            "6ed34836-22e0-449f-bbbe-cc8101c2f842"
          ],
          "failures": [
            "328b15e9-b060-46ee-8058-29b19c2bca26",
            "1b1d2edb-0592-4ad2-bc3c-363220996b8c",
            "8335eb5e-2348-48db-9f1e-9aa97df584f5",
            "0f6d1e1c-cf5b-457e-9f7e-02c730c8c5a7"
          ],
          "pending": [],
          "skipped": [],
          "duration": 269554,
          "root": false,
          "rootEmpty": false,
          "_timeout": 2000
        }
      ],
      "passes": [],
      "failures": [],
      "pending": [],
      "skipped": [],
      "duration": 0,
      "root": true,
      "rootEmpty": true,
      "_timeout": 2000
    }
  ],
  "meta": {
    "mocha": {
      "version": "7.2.0"
    },
    "mochawesome": {
      "options": {
        "quiet": false,
        "reportFilename": "mochawesome",
        "saveHtml": false,
        "saveJson": true,
        "consoleReporter": "spec",
        "useInlineDiffs": false,
        "code": true
      },
      "version": "6.1.1"
    },
    "marge": {
      "options": {
        "id": "default",
        "reportDir": "cypress/reports/mocha",
        "quite": true,
        "overwrite": false,
        "html": false,
        "json": true
      },
      "version": "5.1.0"
    }
  }
}