{
  "stats": {
    "suites": 1,
    "tests": 6,
    "passes": 0,
    "pending": 0,
    "failures": 6,
    "start": "2020-11-23T21:32:14.727Z",
    "end": "2020-11-23T21:33:40.882Z",
    "duration": 86155,
    "testsRegistered": 6,
    "passPercent": 0,
    "pendingPercent": 0,
    "other": 0,
    "hasOther": false,
    "skipped": 0,
    "hasSkipped": false
  },
  "results": [
    {
      "uuid": "a0f24ccb-1710-42a5-b191-55cd210fcb89",
      "title": "",
      "fullFile": "cypress/integration/test/sprints/sprint40.js",
      "file": "cypress/integration/test/sprints/sprint40.js",
      "beforeHooks": [],
      "afterHooks": [],
      "tests": [],
      "suites": [
        {
          "uuid": "d64ff185-ec57-47fd-a60b-7d933ac40395",
          "title": "Sprint 40",
          "fullFile": "",
          "file": "",
          "beforeHooks": [],
          "afterHooks": [],
          "tests": [
            {
              "title": "PBA-1294 calculo 500K 9.9M",
              "fullTitle": "Sprint 40 PBA-1294 calculo 500K 9.9M",
              "timedOut": null,
              "duration": 14255,
              "state": "failed",
              "speed": null,
              "pass": false,
              "fail": true,
              "pending": false,
              "context": null,
              "code": "var userConditions = {\n  client: true,\n  updated: true\n};\ncy.MockWs(userConditions); //Dado que el usuario esta en la pantalla de configuración de CDT\nvar amount = 500000;\nvar term = 90;\ncy.FillInfoOnLanding();\ncy.FillFormCDTStep();\ncy.AcceptPep();\ncy.ValidateCalc(amount, term);\namount = 9999999;\nterm = 90;\ncy.ValidateCalc(amount, term);",
              "err": {
                "message": "TypeError: $elem.text(...).replace(...).replaceAll is not a function",
                "estack": "TypeError: $elem.text(...).replace(...).replaceAll is not a function\n    at Context.<anonymous> (https://rb-pasivo-dev-front.avaldigitallabs.com/__cypress/tests?p=cypress/support/index.js-683:451:45)",
                "diff": null
              },
              "uuid": "2aac8822-2235-4e71-b381-3ec412d3066c",
              "parentUUID": "d64ff185-ec57-47fd-a60b-7d933ac40395",
              "isHook": false,
              "skipped": false
            },
            {
              "title": "PBA-1294 calculo 10M-19.9M",
              "fullTitle": "Sprint 40 PBA-1294 calculo 10M-19.9M",
              "timedOut": null,
              "duration": 12760,
              "state": "failed",
              "speed": null,
              "pass": false,
              "fail": true,
              "pending": false,
              "context": null,
              "code": "var userConditions = {\n  client: true,\n  updated: true\n};\ncy.MockWs(userConditions); //Dado que el usuario esta en la pantalla de configuración de CDT\nvar amount = 9999999;\nvar term = 90;\ncy.FillInfoOnLanding();\ncy.FillFormCDTStep();\ncy.AcceptPep();\ncy.ValidateCalc(amount, term);\namount = 19999999;\nterm = 90;\ncy.ValidateCalc(amount, term);",
              "err": {
                "message": "TypeError: $elem.text(...).replace(...).replaceAll is not a function",
                "estack": "TypeError: $elem.text(...).replace(...).replaceAll is not a function\n    at Context.<anonymous> (https://rb-pasivo-dev-front.avaldigitallabs.com/__cypress/tests?p=cypress/support/index.js-683:451:45)",
                "diff": null
              },
              "uuid": "f3e078d0-c536-40bc-aee5-2239c4597392",
              "parentUUID": "d64ff185-ec57-47fd-a60b-7d933ac40395",
              "isHook": false,
              "skipped": false
            },
            {
              "title": "PBA-1294 calculo 20M-99.9M",
              "fullTitle": "Sprint 40 PBA-1294 calculo 20M-99.9M",
              "timedOut": null,
              "duration": 13032,
              "state": "failed",
              "speed": null,
              "pass": false,
              "fail": true,
              "pending": false,
              "context": null,
              "code": "var userConditions = {\n  client: true,\n  updated: true\n};\ncy.MockWs(userConditions); //Dado que el usuario esta en la pantalla de configuración de CDT\nvar amount = 20000000;\nvar term = 90;\ncy.FillInfoOnLanding();\ncy.FillFormCDTStep();\ncy.AcceptPep();\ncy.ValidateCalc(amount, term);\namount = 99999999;\nterm = 90;\ncy.ValidateCalc(amount, term);",
              "err": {
                "message": "TypeError: $elem.text(...).replace(...).replaceAll is not a function",
                "estack": "TypeError: $elem.text(...).replace(...).replaceAll is not a function\n    at Context.<anonymous> (https://rb-pasivo-dev-front.avaldigitallabs.com/__cypress/tests?p=cypress/support/index.js-683:451:45)",
                "diff": null
              },
              "uuid": "43a414b3-69b6-4178-9a3b-33d6b0a5871a",
              "parentUUID": "d64ff185-ec57-47fd-a60b-7d933ac40395",
              "isHook": false,
              "skipped": false
            },
            {
              "title": "PBA-1294 calculo 100M-249.9M",
              "fullTitle": "Sprint 40 PBA-1294 calculo 100M-249.9M",
              "timedOut": null,
              "duration": 14548,
              "state": "failed",
              "speed": null,
              "pass": false,
              "fail": true,
              "pending": false,
              "context": null,
              "code": "var userConditions = {\n  client: true,\n  updated: true\n};\ncy.MockWs(userConditions); //Dado que el usuario esta en la pantalla de configuración de CDT\nvar amount = 100000000;\nvar term = 90;\ncy.FillInfoOnLanding();\ncy.FillFormCDTStep();\ncy.AcceptPep();\ncy.ValidateCalc(amount, term);\namount = 249999999;\nterm = 90;\ncy.ValidateCalc(amount, term);",
              "err": {
                "message": "TypeError: $elem.text(...).replace(...).replaceAll is not a function",
                "estack": "TypeError: $elem.text(...).replace(...).replaceAll is not a function\n    at Context.<anonymous> (https://rb-pasivo-dev-front.avaldigitallabs.com/__cypress/tests?p=cypress/support/index.js-683:451:45)",
                "diff": null
              },
              "uuid": "57aea7a9-fefc-49a1-ad3c-78369f19cc30",
              "parentUUID": "d64ff185-ec57-47fd-a60b-7d933ac40395",
              "isHook": false,
              "skipped": false
            },
            {
              "title": "PBA-1294 calculo 250-499.9M",
              "fullTitle": "Sprint 40 PBA-1294 calculo 250-499.9M",
              "timedOut": null,
              "duration": 15270,
              "state": "failed",
              "speed": null,
              "pass": false,
              "fail": true,
              "pending": false,
              "context": null,
              "code": "var userConditions = {\n  client: true,\n  updated: true\n};\ncy.MockWs(userConditions); //Dado que el usuario esta en la pantalla de configuración de CDT\nvar amount = 250000000;\nvar term = 90;\ncy.FillInfoOnLanding();\ncy.FillFormCDTStep();\ncy.AcceptPep();\ncy.ValidateCalc(amount, term);\namount = 499999999;\nterm = 90;\ncy.ValidateCalc(amount, term);",
              "err": {
                "message": "TypeError: $elem.text(...).replace(...).replaceAll is not a function",
                "estack": "TypeError: $elem.text(...).replace(...).replaceAll is not a function\n    at Context.<anonymous> (https://rb-pasivo-dev-front.avaldigitallabs.com/__cypress/tests?p=cypress/support/index.js-683:451:45)",
                "diff": null
              },
              "uuid": "ce4b5a10-d5a1-454d-8a1a-9f11b43f8101",
              "parentUUID": "d64ff185-ec57-47fd-a60b-7d933ac40395",
              "isHook": false,
              "skipped": false
            },
            {
              "title": "PBA-1294 calculo >499.9M",
              "fullTitle": "Sprint 40 PBA-1294 calculo >499.9M",
              "timedOut": null,
              "duration": 15980,
              "state": "failed",
              "speed": null,
              "pass": false,
              "fail": true,
              "pending": false,
              "context": null,
              "code": "var userConditions = {\n  client: true,\n  updated: true\n};\ncy.MockWs(userConditions); //Dado que el usuario esta en la pantalla de configuración de CDT\nvar amount = 500000000;\nvar term = 90;\ncy.FillInfoOnLanding();\ncy.FillFormCDTStep();\ncy.AcceptPep();\ncy.ValidateCalc(amount, term);\namount = 1000000000;\nterm = 90;\ncy.ValidateCalc(amount, term);",
              "err": {
                "message": "TypeError: $elem.text(...).replace(...).replaceAll is not a function",
                "estack": "TypeError: $elem.text(...).replace(...).replaceAll is not a function\n    at Context.<anonymous> (https://rb-pasivo-dev-front.avaldigitallabs.com/__cypress/tests?p=cypress/support/index.js-683:451:45)",
                "diff": null
              },
              "uuid": "4fc5d797-426a-4990-8355-63958ba9ffdd",
              "parentUUID": "d64ff185-ec57-47fd-a60b-7d933ac40395",
              "isHook": false,
              "skipped": false
            }
          ],
          "suites": [],
          "passes": [],
          "failures": [
            "2aac8822-2235-4e71-b381-3ec412d3066c",
            "f3e078d0-c536-40bc-aee5-2239c4597392",
            "43a414b3-69b6-4178-9a3b-33d6b0a5871a",
            "57aea7a9-fefc-49a1-ad3c-78369f19cc30",
            "ce4b5a10-d5a1-454d-8a1a-9f11b43f8101",
            "4fc5d797-426a-4990-8355-63958ba9ffdd"
          ],
          "pending": [],
          "skipped": [],
          "duration": 85845,
          "root": false,
          "rootEmpty": false,
          "_timeout": 2000
        }
      ],
      "passes": [],
      "failures": [],
      "pending": [],
      "skipped": [],
      "duration": 0,
      "root": true,
      "rootEmpty": true,
      "_timeout": 2000
    }
  ],
  "meta": {
    "mocha": {
      "version": "7.2.0"
    },
    "mochawesome": {
      "options": {
        "quiet": false,
        "reportFilename": "mochawesome",
        "saveHtml": false,
        "saveJson": true,
        "consoleReporter": "spec",
        "useInlineDiffs": false,
        "code": true
      },
      "version": "6.1.1"
    },
    "marge": {
      "options": {
        "id": "default",
        "reportDir": "cypress/reports/mocha",
        "quite": true,
        "overwrite": false,
        "html": false,
        "json": true
      },
      "version": "5.1.0"
    }
  }
}