{
  "stats": {
    "suites": 1,
    "tests": 8,
    "passes": 1,
    "pending": 7,
    "failures": 0,
    "start": "2020-08-04T18:50:53.974Z",
    "end": "2020-08-04T18:50:59.406Z",
    "duration": 5432,
    "testsRegistered": 8,
    "passPercent": 100,
    "pendingPercent": 87.5,
    "other": 0,
    "hasOther": false,
    "skipped": 0,
    "hasSkipped": false
  },
  "results": [
    {
      "uuid": "6155d852-98d5-490c-9321-3d8d6302e670",
      "title": "",
      "fullFile": "cypress/integration/test/e2e/mainTestFile.js",
      "file": "cypress/integration/test/e2e/mainTestFile.js",
      "beforeHooks": [],
      "afterHooks": [],
      "tests": [],
      "suites": [
        {
          "uuid": "3d5e5b91-0b53-4b1e-9b9e-e03fb475250e",
          "title": "test pasivo",
          "fullFile": "",
          "file": "",
          "beforeHooks": [],
          "afterHooks": [],
          "tests": [
            {
              "title": "form datos contacto",
              "fullTitle": "test pasivo form datos contacto",
              "timedOut": null,
              "duration": 0,
              "state": "pending",
              "speed": null,
              "pass": false,
              "fail": false,
              "pending": true,
              "context": null,
              "code": "",
              "err": {},
              "uuid": "20bee75e-2225-401d-a3bd-49bde92ecbeb",
              "parentUUID": "3d5e5b91-0b53-4b1e-9b9e-e03fb475250e",
              "isHook": false,
              "skipped": false
            },
            {
              "title": "pep para actualizado",
              "fullTitle": "test pasivo pep para actualizado",
              "timedOut": null,
              "duration": 5381,
              "state": "passed",
              "speed": "slow",
              "pass": true,
              "fail": false,
              "pending": false,
              "context": null,
              "code": "var userConditions = {\n  client: true,\n  updated: true,\n  cat: false,\n  channles: false,\n  docs: 'Empleado',\n  sqs: 'success'\n};\nvar flowConditions = {\n  accountType: 'PRO',\n  insurance: 'Si',\n  gmf: false,\n  declaring: true\n};\ncy.MockWs(userConditions);\ncy.FillForm();\ncy.get('#SubmitFormPEP', {\n  timeout: 120000\n}).should('be.visible'); //cy.AcceptPep()\n// cy.SelectAccount(flowConditions.accountType)\n// //cy.SelectGmf(true)\n// cy.AcceptInsurance(flowConditions.insurance)\n// cy.OtpAuthentication()\n// cy.SelectActivity('Empleado')\n// cy.WaitLoader()\n// cy.FillContactForm('Empleado')\n// // cy.SelectForeignData()\n// // cy.SelectFinancialInformation(false)\n// cy.FillSendAddress()\n// cy.DeclaringOption(true)\n// cy.WaitLoader()\n// cy.get('#SubmitUploadDocumentsForm').should('be.disabled')\n// cy.get('#SubmitUploadDocumentsForm', { timeout: 120000 }).should('be.enabled')\n// cy.get('#SubmitUploadDocumentsForm').click()\n// cy.ElectronicSignature()\n// cy.PerformFlow(userConditions,flowConditions)",
              "err": {},
              "uuid": "9ddbb2e3-f154-436f-ada6-6528a70a4b84",
              "parentUUID": "3d5e5b91-0b53-4b1e-9b9e-e03fb475250e",
              "isHook": false,
              "skipped": false
            },
            {
              "title": "test habilitacion de ruta para no cliente y cliente descatualizado",
              "fullTitle": "test pasivo test habilitacion de ruta para no cliente y cliente descatualizado",
              "timedOut": null,
              "duration": 0,
              "state": "pending",
              "speed": null,
              "pass": false,
              "fail": false,
              "pending": true,
              "context": null,
              "code": "",
              "err": {},
              "uuid": "af944b7b-caf2-4038-b388-10961c5a1d6d",
              "parentUUID": "3d5e5b91-0b53-4b1e-9b9e-e03fb475250e",
              "isHook": false,
              "skipped": false
            },
            {
              "title": "cargue docs solo cc",
              "fullTitle": "test pasivo cargue docs solo cc",
              "timedOut": null,
              "duration": 0,
              "state": "pending",
              "speed": null,
              "pass": false,
              "fail": false,
              "pending": true,
              "context": null,
              "code": "",
              "err": {},
              "uuid": "186cf1fb-45fc-48e2-8659-3aa39dbf5978",
              "parentUUID": "3d5e5b91-0b53-4b1e-9b9e-e03fb475250e",
              "isHook": false,
              "skipped": false
            },
            {
              "title": "cargue docs pro empleado ",
              "fullTitle": "test pasivo cargue docs pro empleado ",
              "timedOut": null,
              "duration": 0,
              "state": "pending",
              "speed": null,
              "pass": false,
              "fail": false,
              "pending": true,
              "context": null,
              "code": "",
              "err": {},
              "uuid": "bfc4b3ba-aa7e-4acc-b7bb-6a0a64288ff3",
              "parentUUID": "3d5e5b91-0b53-4b1e-9b9e-e03fb475250e",
              "isHook": false,
              "skipped": false
            },
            {
              "title": "cargue docs pro sin cc ",
              "fullTitle": "test pasivo cargue docs pro sin cc ",
              "timedOut": null,
              "duration": 0,
              "state": "pending",
              "speed": null,
              "pass": false,
              "fail": false,
              "pending": true,
              "context": null,
              "code": "",
              "err": {},
              "uuid": "28107f48-5150-4485-885e-35be00829132",
              "parentUUID": "3d5e5b91-0b53-4b1e-9b9e-e03fb475250e",
              "isHook": false,
              "skipped": false
            },
            {
              "title": "flujo cliente actualizado con simple sin seguro",
              "fullTitle": "test pasivo flujo cliente actualizado con simple sin seguro",
              "timedOut": null,
              "duration": 0,
              "state": "pending",
              "speed": null,
              "pass": false,
              "fail": false,
              "pending": true,
              "context": null,
              "code": "",
              "err": {},
              "uuid": "cfc254b1-0628-498e-a900-5c5923a55ce2",
              "parentUUID": "3d5e5b91-0b53-4b1e-9b9e-e03fb475250e",
              "isHook": false,
              "skipped": false
            },
            {
              "title": "test cargue de archivo",
              "fullTitle": "test pasivo test cargue de archivo",
              "timedOut": null,
              "duration": 0,
              "state": "pending",
              "speed": null,
              "pass": false,
              "fail": false,
              "pending": true,
              "context": null,
              "code": "",
              "err": {},
              "uuid": "3fa16753-4aab-4f11-ab14-2d372b73c716",
              "parentUUID": "3d5e5b91-0b53-4b1e-9b9e-e03fb475250e",
              "isHook": false,
              "skipped": false
            }
          ],
          "suites": [],
          "passes": [
            "9ddbb2e3-f154-436f-ada6-6528a70a4b84"
          ],
          "failures": [],
          "pending": [
            "20bee75e-2225-401d-a3bd-49bde92ecbeb",
            "af944b7b-caf2-4038-b388-10961c5a1d6d",
            "186cf1fb-45fc-48e2-8659-3aa39dbf5978",
            "bfc4b3ba-aa7e-4acc-b7bb-6a0a64288ff3",
            "28107f48-5150-4485-885e-35be00829132",
            "cfc254b1-0628-498e-a900-5c5923a55ce2",
            "3fa16753-4aab-4f11-ab14-2d372b73c716"
          ],
          "skipped": [],
          "duration": 5381,
          "root": false,
          "rootEmpty": false,
          "_timeout": 2000
        }
      ],
      "passes": [],
      "failures": [],
      "pending": [],
      "skipped": [],
      "duration": 0,
      "root": true,
      "rootEmpty": true,
      "_timeout": 2000
    }
  ],
  "meta": {
    "mocha": {
      "version": "7.2.0"
    },
    "mochawesome": {
      "options": {
        "quiet": false,
        "reportFilename": "mochawesome",
        "saveHtml": false,
        "saveJson": true,
        "consoleReporter": "spec",
        "useInlineDiffs": false,
        "code": true
      },
      "version": "6.1.1"
    },
    "marge": {
      "options": {
        "id": "default",
        "reportDir": "cypress/reports/mocha",
        "quite": true,
        "overwrite": false,
        "html": false,
        "json": true
      },
      "version": "5.1.0"
    }
  }
}