{
  "stats": {
    "suites": 1,
    "tests": 1,
    "passes": 1,
    "pending": 0,
    "failures": 0,
    "start": "2020-11-23T22:14:15.675Z",
    "end": "2020-11-23T22:14:39.445Z",
    "duration": 23770,
    "testsRegistered": 1,
    "passPercent": 100,
    "pendingPercent": 0,
    "other": 0,
    "hasOther": false,
    "skipped": 0,
    "hasSkipped": false
  },
  "results": [
    {
      "uuid": "c7a4849b-fb9b-445f-b4ab-b7ae289a8a5f",
      "title": "",
      "fullFile": "cypress/integration/test/sprints/sprint40.js",
      "file": "cypress/integration/test/sprints/sprint40.js",
      "beforeHooks": [],
      "afterHooks": [],
      "tests": [],
      "suites": [
        {
          "uuid": "2dbb7eda-6de3-49cc-b7ae-e6d463328d77",
          "title": "Sprint 40",
          "fullFile": "",
          "file": "",
          "beforeHooks": [],
          "afterHooks": [],
          "tests": [
            {
              "title": "PBA-1294 calculo 500K 9.9M",
              "fullTitle": "Sprint 40 PBA-1294 calculo 500K 9.9M",
              "timedOut": null,
              "duration": 23627,
              "state": "passed",
              "speed": "slow",
              "pass": true,
              "fail": false,
              "pending": false,
              "context": null,
              "code": "var userConditions = {\n  client: true,\n  updated: true\n};\ncy.MockWs(userConditions); //Dado que el usuario esta en la pantalla de configuración de CDT\nvar amount = 500000;\nvar term = 90;\ncy.FillInfoOnLanding();\ncy.FillFormCDTStep();\ncy.AcceptPep();\ncy.ValidateCalc(amount, term);\namount = 9999999;\nterm = 90;\ncy.ValidateCalc(amount, term);",
              "err": {},
              "uuid": "a70cb013-5b24-4a56-8d69-709975d31ef6",
              "parentUUID": "2dbb7eda-6de3-49cc-b7ae-e6d463328d77",
              "isHook": false,
              "skipped": false
            }
          ],
          "suites": [],
          "passes": [
            "a70cb013-5b24-4a56-8d69-709975d31ef6"
          ],
          "failures": [],
          "pending": [],
          "skipped": [],
          "duration": 23627,
          "root": false,
          "rootEmpty": false,
          "_timeout": 2000
        }
      ],
      "passes": [],
      "failures": [],
      "pending": [],
      "skipped": [],
      "duration": 0,
      "root": true,
      "rootEmpty": true,
      "_timeout": 2000
    }
  ],
  "meta": {
    "mocha": {
      "version": "7.2.0"
    },
    "mochawesome": {
      "options": {
        "quiet": false,
        "reportFilename": "mochawesome",
        "saveHtml": false,
        "saveJson": true,
        "consoleReporter": "spec",
        "useInlineDiffs": false,
        "code": true
      },
      "version": "6.1.1"
    },
    "marge": {
      "options": {
        "id": "default",
        "reportDir": "cypress/reports/mocha",
        "quite": true,
        "overwrite": false,
        "html": false,
        "json": true
      },
      "version": "5.1.0"
    }
  }
}