{
  "stats": {
    "suites": 1,
    "tests": 5,
    "passes": 1,
    "pending": 0,
    "failures": 4,
    "start": "2020-08-04T18:53:38.075Z",
    "end": "2020-08-04T18:58:06.357Z",
    "duration": 268282,
    "testsRegistered": 5,
    "passPercent": 20,
    "pendingPercent": 0,
    "other": 0,
    "hasOther": false,
    "skipped": 0,
    "hasSkipped": false
  },
  "results": [
    {
      "uuid": "e6b101e7-bcb9-48ba-ad34-91262f3c1099",
      "title": "",
      "fullFile": "cypress/integration/test/sprints/sprint34.js",
      "file": "cypress/integration/test/sprints/sprint34.js",
      "beforeHooks": [],
      "afterHooks": [],
      "tests": [],
      "suites": [
        {
          "uuid": "6bb7c780-e428-49cb-8568-8cb8e4aee475",
          "title": "test pasivo",
          "fullFile": "",
          "file": "",
          "beforeHooks": [],
          "afterHooks": [],
          "tests": [
            {
              "title": "PBA-1288 Integrar redux a la aplicación",
              "fullTitle": "test pasivo PBA-1288 Integrar redux a la aplicación",
              "timedOut": null,
              "duration": 66129,
              "state": "failed",
              "speed": null,
              "pass": false,
              "fail": true,
              "pending": false,
              "context": null,
              "code": "var userConditions = {\n  client: true,\n  updated: false,\n  cat: true,\n  channles: true,\n  docs: 'Empleado',\n  sqs: 'success',\n  generateUrl: 'two docs',\n  loadPresigned: 'any'\n};\ncy.MockWs(userConditions);\ncy.FillForm('stg');\ncy.AcceptPep();\ncy.SelectAccount('PRO');\ncy.AcceptInsurance('Si');\nfor (var i = 0; i < 3; i++) {\n  cy.OtpAuthentication();\n  cy.get('.error > .ng-star-inserted').should('be.visible');\n  cy.get('#OtpButton', {\n    timeout: 20000\n  }).click();\n  cy.WaitLoader();\n  cy.get('.error').should('contain', 'La clave que ingresaste no corresponde a la enviada');\n  cy.get('#OtpButton', {\n    timeout: 20000\n  }).click();\n  cy.WaitLoader();\n  cy.get('.mat-input-element', {\n    timeout: 20000\n  }).first().should('be.disabled');\n  cy.get('.error', {\n    timeout: 20000\n  }).should('contain', 'Excediste el número de intentos, solicita un nuevo código');\n  cy.get('#GenerateNewOtpButton', {\n    timeout: 20000\n  }).click();\n  cy.WaitLoader();\n}\ncy.get('#GenerateNewOtpButton').should('be.not.visible');\ncy.OtpAuthentication();\ncy.get('#OtpButton', {\n  timeout: 20000\n}).click();\ncy.WaitLoader();\ncy.get('.error').should('contain', 'La clave que ingresaste no corresponde a la enviada');\ncy.get('#OtpButton', {\n  timeout: 20000\n}).click();\ncy.WaitLoader();\ncy.url().should('include', 'general-error');",
              "err": {
                "message": "CypressError: Timed out retrying: Expected to find element: '.blobs', but never found it.",
                "estack": "CypressError: Timed out retrying: Expected to find element: '.blobs', but never found it.\n    at Object.cypressErr (https://rb-pasivo-dev-front.avaldigitallabs.com/__cypress/runner/cypress_runner.js:86207:11)\n    at Object.throwErr (https://rb-pasivo-dev-front.avaldigitallabs.com/__cypress/runner/cypress_runner.js:86162:18)\n    at Object.throwErrByPath (https://rb-pasivo-dev-front.avaldigitallabs.com/__cypress/runner/cypress_runner.js:86194:17)\n    at retry (https://rb-pasivo-dev-front.avaldigitallabs.com/__cypress/runner/cypress_runner.js:76849:16)\n    at onFailFn (https://rb-pasivo-dev-front.avaldigitallabs.com/__cypress/runner/cypress_runner.js:65634:16)\n    at tryCatcher (https://rb-pasivo-dev-front.avaldigitallabs.com/__cypress/runner/cypress_runner.js:120203:23)\n    at Promise._settlePromiseFromHandler (https://rb-pasivo-dev-front.avaldigitallabs.com/__cypress/runner/cypress_runner.js:118139:31)\n    at Promise._settlePromise (https://rb-pasivo-dev-front.avaldigitallabs.com/__cypress/runner/cypress_runner.js:118196:18)\n    at Promise._settlePromise0 (https://rb-pasivo-dev-front.avaldigitallabs.com/__cypress/runner/cypress_runner.js:118241:10)\n    at Promise._settlePromises (https://rb-pasivo-dev-front.avaldigitallabs.com/__cypress/runner/cypress_runner.js:118316:18)\n    at Async../node_modules/bluebird/js/release/async.js.Async._drainQueue (https://rb-pasivo-dev-front.avaldigitallabs.com/__cypress/runner/cypress_runner.js:114928:16)\n    at Async../node_modules/bluebird/js/release/async.js.Async._drainQueues (https://rb-pasivo-dev-front.avaldigitallabs.com/__cypress/runner/cypress_runner.js:114938:10)\n    at Async.drainQueues (https://rb-pasivo-dev-front.avaldigitallabs.com/__cypress/runner/cypress_runner.js:114812:14)",
                "diff": null
              },
              "uuid": "b74ddfc1-4e25-48f5-a0cf-5f317f0d2714",
              "parentUUID": "6bb7c780-e428-49cb-8568-8cb8e4aee475",
              "isHook": false,
              "skipped": false
            },
            {
              "title": "PBA-1233 Redireccion actualizado a PEP",
              "fullTitle": "test pasivo PBA-1233 Redireccion actualizado a PEP",
              "timedOut": null,
              "duration": 4736,
              "state": "passed",
              "speed": "slow",
              "pass": true,
              "fail": false,
              "pending": false,
              "context": null,
              "code": "var userConditions = {\n  client: true,\n  updated: true,\n  cat: false,\n  channles: false,\n  docs: 'Empleado',\n  sqs: 'success'\n};\ncy.MockWs(userConditions);\ncy.FillForm();\ncy.get('#SubmitFormPEP', {\n  timeout: 120000\n}).should('be.visible');",
              "err": {},
              "uuid": "d169906d-0a5f-4bc1-b3a1-26fb38aa03bc",
              "parentUUID": "6bb7c780-e428-49cb-8568-8cb8e4aee475",
              "isHook": false,
              "skipped": false
            },
            {
              "title": "PBA-1262 POP UP para cargue de solo cédula",
              "fullTitle": "test pasivo PBA-1262 POP UP para cargue de solo cédula",
              "timedOut": null,
              "duration": 64273,
              "state": "failed",
              "speed": null,
              "pass": false,
              "fail": true,
              "pending": false,
              "context": null,
              "code": "var userConditions = {\n  client: true,\n  updated: false,\n  cat: false,\n  channles: true,\n  docs: 'cc',\n  sqs: 'success'\n};\nvar flowConditions = {\n  accountType: 'SIMPLE',\n  insurance: 'Si',\n  gmf: false,\n  declaring: true\n};\ncy.MockWs(userConditions);\ncy.FillForm();\ncy.AcceptPep();\ncy.SelectAccount('SIMPLE');\ncy.AcceptInsurance('Si');\ncy.OtpAuthentication();\ncy.SelectActivity('Empleado');\ncy.WaitLoader();\ncy.FillContactForm('Empleado');\ncy.FillSendAddress();\ncy.DeclaringOption(true);\ncy.WaitLoader();\ncy.get('#SubmitUploadDocumentsForm').should('be.disabled');\ncy.get('.btn-card').click();\ncy.get('#mat-dialog-0').as('popup');\nvar titulo = 'Coloca el documento en posición vertical sobre un fondo blanco, apaga el flash y toma la foto con tu celular';\nvar descr1 = '- La cédula puedes subirla en formato JPG o PNG y el resto de documentos en PDF, JPG o PNG.';\nvar descr2 = ' - Sube archivos con formato  JPG o PNG que no tengan un peso mayor a 3 MB. ';\nvar descr3 = ' - Ten en cuenta que no se vean brillos o sombras y que la información sea legible. ';\ncy.get('@popup').should('contain', titulo).and('not.contain', descr1).and('contain', descr2).and('contain', descr3);\ncy.get('ul > .ng-star-inserted').scrollIntoView();\ncy.get('ul > :nth-child(2)').scrollIntoView();",
              "err": {
                "message": "CypressError: Timed out retrying: Expected to find element: '.blobs', but never found it.",
                "estack": "CypressError: Timed out retrying: Expected to find element: '.blobs', but never found it.\n    at Object.cypressErr (https://rb-pasivo-dev-front.avaldigitallabs.com/__cypress/runner/cypress_runner.js:86207:11)\n    at Object.throwErr (https://rb-pasivo-dev-front.avaldigitallabs.com/__cypress/runner/cypress_runner.js:86162:18)\n    at Object.throwErrByPath (https://rb-pasivo-dev-front.avaldigitallabs.com/__cypress/runner/cypress_runner.js:86194:17)\n    at retry (https://rb-pasivo-dev-front.avaldigitallabs.com/__cypress/runner/cypress_runner.js:76849:16)\n    at onFailFn (https://rb-pasivo-dev-front.avaldigitallabs.com/__cypress/runner/cypress_runner.js:65634:16)\n    at tryCatcher (https://rb-pasivo-dev-front.avaldigitallabs.com/__cypress/runner/cypress_runner.js:120203:23)\n    at Promise._settlePromiseFromHandler (https://rb-pasivo-dev-front.avaldigitallabs.com/__cypress/runner/cypress_runner.js:118139:31)\n    at Promise._settlePromise (https://rb-pasivo-dev-front.avaldigitallabs.com/__cypress/runner/cypress_runner.js:118196:18)\n    at Promise._settlePromise0 (https://rb-pasivo-dev-front.avaldigitallabs.com/__cypress/runner/cypress_runner.js:118241:10)\n    at Promise._settlePromises (https://rb-pasivo-dev-front.avaldigitallabs.com/__cypress/runner/cypress_runner.js:118316:18)\n    at Async../node_modules/bluebird/js/release/async.js.Async._drainQueue (https://rb-pasivo-dev-front.avaldigitallabs.com/__cypress/runner/cypress_runner.js:114928:16)\n    at Async../node_modules/bluebird/js/release/async.js.Async._drainQueues (https://rb-pasivo-dev-front.avaldigitallabs.com/__cypress/runner/cypress_runner.js:114938:10)\n    at Async.drainQueues (https://rb-pasivo-dev-front.avaldigitallabs.com/__cypress/runner/cypress_runner.js:114812:14)",
                "diff": null
              },
              "uuid": "9af76f32-3e6c-4179-aca3-722722e49512",
              "parentUUID": "6bb7c780-e428-49cb-8568-8cb8e4aee475",
              "isHook": false,
              "skipped": false
            },
            {
              "title": "PBA-1262 POP UP para cargue de documento diferente a la cédula",
              "fullTitle": "test pasivo PBA-1262 POP UP para cargue de documento diferente a la cédula",
              "timedOut": null,
              "duration": 66359,
              "state": "failed",
              "speed": null,
              "pass": false,
              "fail": true,
              "pending": false,
              "context": null,
              "code": "var userConditions = {\n  client: true,\n  updated: false,\n  cat: true,\n  channles: true,\n  docs: 'no cc',\n  sqs: 'success',\n  generateUrl: 'two docs',\n  loadPresigned: 'any'\n};\ncy.MockWs(userConditions);\ncy.FillForm();\ncy.AcceptPep();\ncy.SelectAccount('PRO');\ncy.AcceptInsurance('Si');\ncy.OtpAuthentication();\ncy.SelectActivity('Empleado');\ncy.WaitLoader();\ncy.FillContactForm('Empleado');\ncy.SelectForeignData();\ncy.SelectFinancialInformation(false);\ncy.FillSendAddress();\ncy.DeclaringOption(true);\ncy.WaitLoader();\ncy.get('#SubmitUploadDocumentsForm').should('be.disabled');\ncy.get('.btn-card').click();\ncy.get('#mat-dialog-0').as('popup');\nvar titulo = 'Coloca el documento en posición vertical sobre un fondo blanco, apaga el flash y toma la foto con tu celular';\nvar descr1 = '- La cédula puedes subirla en formato JPG o PNG y el resto de documentos en PDF, JPG o PNG.';\nvar descr2 = '- Sube archivos con formato PDF, JPG o PNG que no tengan un peso mayor a 3 MB.';\nvar descr3 = ' - Ten en cuenta que no se vean brillos o sombras y que la información sea legible.';\ncy.get('ul > :nth-child(1)').scrollIntoView();\ncy.get('ul > :nth-child(2)').scrollIntoView();\ncy.get('@popup').should('contain', titulo).and('not.contain', descr1).and('contain', descr2).and('contain', descr3);",
              "err": {
                "message": "CypressError: Timed out retrying: Expected to find element: '.blobs', but never found it.",
                "estack": "CypressError: Timed out retrying: Expected to find element: '.blobs', but never found it.\n    at Object.cypressErr (https://rb-pasivo-dev-front.avaldigitallabs.com/__cypress/runner/cypress_runner.js:86207:11)\n    at Object.throwErr (https://rb-pasivo-dev-front.avaldigitallabs.com/__cypress/runner/cypress_runner.js:86162:18)\n    at Object.throwErrByPath (https://rb-pasivo-dev-front.avaldigitallabs.com/__cypress/runner/cypress_runner.js:86194:17)\n    at retry (https://rb-pasivo-dev-front.avaldigitallabs.com/__cypress/runner/cypress_runner.js:76849:16)\n    at onFailFn (https://rb-pasivo-dev-front.avaldigitallabs.com/__cypress/runner/cypress_runner.js:65634:16)\n    at tryCatcher (https://rb-pasivo-dev-front.avaldigitallabs.com/__cypress/runner/cypress_runner.js:120203:23)\n    at Promise._settlePromiseFromHandler (https://rb-pasivo-dev-front.avaldigitallabs.com/__cypress/runner/cypress_runner.js:118139:31)\n    at Promise._settlePromise (https://rb-pasivo-dev-front.avaldigitallabs.com/__cypress/runner/cypress_runner.js:118196:18)\n    at Promise._settlePromise0 (https://rb-pasivo-dev-front.avaldigitallabs.com/__cypress/runner/cypress_runner.js:118241:10)\n    at Promise._settlePromises (https://rb-pasivo-dev-front.avaldigitallabs.com/__cypress/runner/cypress_runner.js:118316:18)\n    at Async../node_modules/bluebird/js/release/async.js.Async._drainQueue (https://rb-pasivo-dev-front.avaldigitallabs.com/__cypress/runner/cypress_runner.js:114928:16)\n    at Async../node_modules/bluebird/js/release/async.js.Async._drainQueues (https://rb-pasivo-dev-front.avaldigitallabs.com/__cypress/runner/cypress_runner.js:114938:10)\n    at Async.drainQueues (https://rb-pasivo-dev-front.avaldigitallabs.com/__cypress/runner/cypress_runner.js:114812:14)",
                "diff": null
              },
              "uuid": "9d37de1d-1c44-41d6-97a7-df5a0f0a044a",
              "parentUUID": "6bb7c780-e428-49cb-8568-8cb8e4aee475",
              "isHook": false,
              "skipped": false
            },
            {
              "title": "PBA-1262 POP UP para cargue de cédula y otro documento",
              "fullTitle": "test pasivo PBA-1262 POP UP para cargue de cédula y otro documento",
              "timedOut": null,
              "duration": 66662,
              "state": "failed",
              "speed": null,
              "pass": false,
              "fail": true,
              "pending": false,
              "context": null,
              "code": "var userConditions = {\n  client: true,\n  updated: false,\n  cat: true,\n  channles: true,\n  docs: 'Empleado',\n  sqs: 'success',\n  generateUrl: 'two docs',\n  loadPresigned: 'any'\n};\ncy.MockWs(userConditions);\ncy.FillForm();\ncy.AcceptPep();\ncy.SelectAccount('PRO');\ncy.AcceptInsurance('Si');\ncy.OtpAuthentication();\ncy.SelectActivity('Empleado');\ncy.WaitLoader();\ncy.FillContactForm('Empleado');\ncy.SelectForeignData();\ncy.SelectFinancialInformation(false);\ncy.FillSendAddress();\ncy.DeclaringOption(true);\ncy.WaitLoader();\ncy.get('#SubmitUploadDocumentsForm').should('be.disabled');\ncy.get('.btn-card').click();\ncy.get('#mat-dialog-0').as('popup');\nvar titulo = 'Coloca el documento en posición vertical sobre un fondo blanco, apaga el flash y toma la foto con tu celular';\nvar descr1 = '- La cédula puedes subirla en formato JPG o PNG y el resto de documentos en PDF, JPG o PNG.';\nvar descr2 = 'Los archivos no pueden tener un peso mayor a 3 MB.';\nvar descr3 = ' - Ten en cuenta que no se vean brillos o sombras y que la información sea legible. ';\ncy.get('ul > :nth-child(1)').scrollIntoView();\ncy.get('ul > :nth-child(2)').scrollIntoView();\ncy.get('ul > :nth-child(3)').scrollIntoView();\ncy.get('@popup').should('contain', titulo).and('contain', descr1).and('contain', descr2).and('contain', descr3);",
              "err": {
                "message": "CypressError: Timed out retrying: Expected to find element: '.blobs', but never found it.",
                "estack": "CypressError: Timed out retrying: Expected to find element: '.blobs', but never found it.\n    at Object.cypressErr (https://rb-pasivo-dev-front.avaldigitallabs.com/__cypress/runner/cypress_runner.js:86207:11)\n    at Object.throwErr (https://rb-pasivo-dev-front.avaldigitallabs.com/__cypress/runner/cypress_runner.js:86162:18)\n    at Object.throwErrByPath (https://rb-pasivo-dev-front.avaldigitallabs.com/__cypress/runner/cypress_runner.js:86194:17)\n    at retry (https://rb-pasivo-dev-front.avaldigitallabs.com/__cypress/runner/cypress_runner.js:76849:16)\n    at onFailFn (https://rb-pasivo-dev-front.avaldigitallabs.com/__cypress/runner/cypress_runner.js:65634:16)\n    at tryCatcher (https://rb-pasivo-dev-front.avaldigitallabs.com/__cypress/runner/cypress_runner.js:120203:23)\n    at Promise._settlePromiseFromHandler (https://rb-pasivo-dev-front.avaldigitallabs.com/__cypress/runner/cypress_runner.js:118139:31)\n    at Promise._settlePromise (https://rb-pasivo-dev-front.avaldigitallabs.com/__cypress/runner/cypress_runner.js:118196:18)\n    at Promise._settlePromise0 (https://rb-pasivo-dev-front.avaldigitallabs.com/__cypress/runner/cypress_runner.js:118241:10)\n    at Promise._settlePromises (https://rb-pasivo-dev-front.avaldigitallabs.com/__cypress/runner/cypress_runner.js:118316:18)\n    at Async../node_modules/bluebird/js/release/async.js.Async._drainQueue (https://rb-pasivo-dev-front.avaldigitallabs.com/__cypress/runner/cypress_runner.js:114928:16)\n    at Async../node_modules/bluebird/js/release/async.js.Async._drainQueues (https://rb-pasivo-dev-front.avaldigitallabs.com/__cypress/runner/cypress_runner.js:114938:10)\n    at Async.drainQueues (https://rb-pasivo-dev-front.avaldigitallabs.com/__cypress/runner/cypress_runner.js:114812:14)",
                "diff": null
              },
              "uuid": "4f49b54c-928b-44d4-b409-d9012be3a3d3",
              "parentUUID": "6bb7c780-e428-49cb-8568-8cb8e4aee475",
              "isHook": false,
              "skipped": false
            }
          ],
          "suites": [],
          "passes": [
            "d169906d-0a5f-4bc1-b3a1-26fb38aa03bc"
          ],
          "failures": [
            "b74ddfc1-4e25-48f5-a0cf-5f317f0d2714",
            "9af76f32-3e6c-4179-aca3-722722e49512",
            "9d37de1d-1c44-41d6-97a7-df5a0f0a044a",
            "4f49b54c-928b-44d4-b409-d9012be3a3d3"
          ],
          "pending": [],
          "skipped": [],
          "duration": 268159,
          "root": false,
          "rootEmpty": false,
          "_timeout": 2000
        }
      ],
      "passes": [],
      "failures": [],
      "pending": [],
      "skipped": [],
      "duration": 0,
      "root": true,
      "rootEmpty": true,
      "_timeout": 2000
    }
  ],
  "meta": {
    "mocha": {
      "version": "7.2.0"
    },
    "mochawesome": {
      "options": {
        "quiet": false,
        "reportFilename": "mochawesome",
        "saveHtml": false,
        "saveJson": true,
        "consoleReporter": "spec",
        "useInlineDiffs": false,
        "code": true
      },
      "version": "6.1.1"
    },
    "marge": {
      "options": {
        "id": "default",
        "reportDir": "cypress/reports/mocha",
        "quite": true,
        "overwrite": false,
        "html": false,
        "json": true
      },
      "version": "5.1.0"
    }
  }
}