{
  "stats": {
    "suites": 1,
    "tests": 5,
    "passes": 1,
    "pending": 4,
    "failures": 0,
    "start": "2020-08-04T18:51:02.164Z",
    "end": "2020-08-04T18:51:06.457Z",
    "duration": 4293,
    "testsRegistered": 5,
    "passPercent": 100,
    "pendingPercent": 80,
    "other": 0,
    "hasOther": false,
    "skipped": 0,
    "hasSkipped": false
  },
  "results": [
    {
      "uuid": "9ecf93e0-c73b-42c4-81c3-bd871b6eaa64",
      "title": "",
      "fullFile": "cypress/integration/test/sprints/sprint34.js",
      "file": "cypress/integration/test/sprints/sprint34.js",
      "beforeHooks": [],
      "afterHooks": [],
      "tests": [],
      "suites": [
        {
          "uuid": "ba36483b-f679-417e-ab04-0ad51480d61e",
          "title": "test pasivo",
          "fullFile": "",
          "file": "",
          "beforeHooks": [],
          "afterHooks": [],
          "tests": [
            {
              "title": "PBA-1288 Integrar redux a la aplicación",
              "fullTitle": "test pasivo PBA-1288 Integrar redux a la aplicación",
              "timedOut": null,
              "duration": 0,
              "state": "pending",
              "speed": null,
              "pass": false,
              "fail": false,
              "pending": true,
              "context": null,
              "code": "",
              "err": {},
              "uuid": "a9fa28f8-50a6-47d1-8097-8f2c78610ad1",
              "parentUUID": "ba36483b-f679-417e-ab04-0ad51480d61e",
              "isHook": false,
              "skipped": false
            },
            {
              "title": "PBA-1233 Redireccion actualizado a PEP",
              "fullTitle": "test pasivo PBA-1233 Redireccion actualizado a PEP",
              "timedOut": null,
              "duration": 4240,
              "state": "passed",
              "speed": "slow",
              "pass": true,
              "fail": false,
              "pending": false,
              "context": null,
              "code": "var userConditions = {\n  client: true,\n  updated: true,\n  cat: false,\n  channles: false,\n  docs: 'Empleado',\n  sqs: 'success'\n};\ncy.MockWs(userConditions);\ncy.FillForm();\ncy.get('#SubmitFormPEP', {\n  timeout: 120000\n}).should('be.visible');",
              "err": {},
              "uuid": "7f02284b-2840-42b2-8d9f-c0b57903370a",
              "parentUUID": "ba36483b-f679-417e-ab04-0ad51480d61e",
              "isHook": false,
              "skipped": false
            },
            {
              "title": "PBA-1262 POP UP para cargue de solo cédula",
              "fullTitle": "test pasivo PBA-1262 POP UP para cargue de solo cédula",
              "timedOut": null,
              "duration": 0,
              "state": "pending",
              "speed": null,
              "pass": false,
              "fail": false,
              "pending": true,
              "context": null,
              "code": "",
              "err": {},
              "uuid": "9cf3f8d1-7784-47e3-8a42-6077601157c1",
              "parentUUID": "ba36483b-f679-417e-ab04-0ad51480d61e",
              "isHook": false,
              "skipped": false
            },
            {
              "title": "PBA-1262 POP UP para cargue de documento diferente a la cédula",
              "fullTitle": "test pasivo PBA-1262 POP UP para cargue de documento diferente a la cédula",
              "timedOut": null,
              "duration": 0,
              "state": "pending",
              "speed": null,
              "pass": false,
              "fail": false,
              "pending": true,
              "context": null,
              "code": "",
              "err": {},
              "uuid": "5cd7f587-2ffe-4956-9b78-46f6c24fb939",
              "parentUUID": "ba36483b-f679-417e-ab04-0ad51480d61e",
              "isHook": false,
              "skipped": false
            },
            {
              "title": "PBA-1262 POP UP para cargue de cédula y otro documento",
              "fullTitle": "test pasivo PBA-1262 POP UP para cargue de cédula y otro documento",
              "timedOut": null,
              "duration": 0,
              "state": "pending",
              "speed": null,
              "pass": false,
              "fail": false,
              "pending": true,
              "context": null,
              "code": "",
              "err": {},
              "uuid": "fc1354bc-6f32-484b-872d-d199933b22af",
              "parentUUID": "ba36483b-f679-417e-ab04-0ad51480d61e",
              "isHook": false,
              "skipped": false
            }
          ],
          "suites": [],
          "passes": [
            "7f02284b-2840-42b2-8d9f-c0b57903370a"
          ],
          "failures": [],
          "pending": [
            "a9fa28f8-50a6-47d1-8097-8f2c78610ad1",
            "9cf3f8d1-7784-47e3-8a42-6077601157c1",
            "5cd7f587-2ffe-4956-9b78-46f6c24fb939",
            "fc1354bc-6f32-484b-872d-d199933b22af"
          ],
          "skipped": [],
          "duration": 4240,
          "root": false,
          "rootEmpty": false,
          "_timeout": 2000
        }
      ],
      "passes": [],
      "failures": [],
      "pending": [],
      "skipped": [],
      "duration": 0,
      "root": true,
      "rootEmpty": true,
      "_timeout": 2000
    }
  ],
  "meta": {
    "mocha": {
      "version": "7.2.0"
    },
    "mochawesome": {
      "options": {
        "quiet": false,
        "reportFilename": "mochawesome",
        "saveHtml": false,
        "saveJson": true,
        "consoleReporter": "spec",
        "useInlineDiffs": false,
        "code": true
      },
      "version": "6.1.1"
    },
    "marge": {
      "options": {
        "id": "default",
        "reportDir": "cypress/reports/mocha",
        "quite": true,
        "overwrite": false,
        "html": false,
        "json": true
      },
      "version": "5.1.0"
    }
  }
}