{
  "stats": {
    "suites": 1,
    "tests": 1,
    "passes": 0,
    "pending": 0,
    "failures": 1,
    "start": "2021-10-30T06:06:35.264Z",
    "end": "2021-10-30T06:06:51.157Z",
    "duration": 15893,
    "testsRegistered": 1,
    "passPercent": 0,
    "pendingPercent": 0,
    "other": 0,
    "hasOther": false,
    "skipped": 0,
    "hasSkipped": false
  },
  "results": [
    {
      "uuid": "6cad4050-0a3b-4bde-ae6e-f5bf68a3ef72",
      "title": "",
      "fullFile": "cypress/integration/test/flows/CDT/3.Cliente_PEP.js",
      "file": "cypress/integration/test/flows/CDT/3.Cliente_PEP.js",
      "beforeHooks": [],
      "afterHooks": [],
      "tests": [],
      "suites": [
        {
          "uuid": "f8df2e5e-3b56-4790-9cf4-35cd29843587",
          "title": "Sprint 77",
          "fullFile": "",
          "file": "",
          "beforeHooks": [],
          "afterHooks": [],
          "tests": [
            {
              "title": "PBA-3717 - CDT - Cliente PEP",
              "fullTitle": "Sprint 77 PBA-3717 - CDT - Cliente PEP",
              "timedOut": null,
              "duration": 15856,
              "state": "failed",
              "speed": null,
              "pass": false,
              "fail": true,
              "pending": false,
              "context": "\"../screenshots/test/flows/CDT/3.Cliente_PEP.js/Sprint 77 -- PBA-3717 - CDT - Cliente PEP (failed).png\"",
              "code": "var pause = false;\nvar flowConditions = {\n  scr: false,\n  accountType: 'DIGITAL',\n  insurance: 'Si',\n  gmf: false,\n  declaring: false,\n  environment: 'dev'\n};\nvar userConditions = {\n  captcha: 'ok',\n  pep: false\n};\ncy.MockWs(userConditions);\ncy.FillHomePage(flowConditions.environment);\ncy.pause(true);\ncy.FillCDTConfigurationPage(flowConditions.environment);\ncy.WaitLoader();\ncy.AcceptPep();\ncy.pause(true); //cy.ScreenShot(userConditions.scr)\ncy.WaitLoader();\ncy.SelectAccount(flowConditions.accountType, flowConditions.gmf, userConditions.scr);\ncy.Pause(userConditions.pause);\ncy.AcceptInsurance(flowConditions.insurance, userConditions.scr);\ncy.WaitLoader();\ncy.pause(true);\ncy.OtpAuthentication(userConditions.scr); // cy.SelectActivity('Empleado', userConditions.scr)\ncy.WaitLoader(); // cy.FillContactForm('Empleado', userConditions.scr)\n// if (flowConditions.accountType == 'DIGITAL') {\n//   cy.SelectForeignData(userConditions.scr)\n//   cy.SelectFinancialInformation(false, userConditions.scr)\n// }\ncy.pause(true);\ncy.FillSendAddress(userConditions.scr);\ncy.DeclaringOption(flowConditions.declaring, userConditions.scr);\ncy.ElectronicSignature();\ncy.WaitLoader();\ncy.pause(true);",
              "err": {
                "message": "CypressError: Timed out retrying: Expected to find element: '#SelectAccountTypeButton', but never found it.",
                "estack": "CypressError: Timed out retrying: Expected to find element: '#SelectAccountTypeButton', but never found it.\n    at Object.cypressErr (https://rb-pasivo-dev-front.avaldigitallabs.com/__cypress/runner/cypress_runner.js:86207:11)\n    at Object.throwErr (https://rb-pasivo-dev-front.avaldigitallabs.com/__cypress/runner/cypress_runner.js:86162:18)\n    at Object.throwErrByPath (https://rb-pasivo-dev-front.avaldigitallabs.com/__cypress/runner/cypress_runner.js:86194:17)\n    at retry (https://rb-pasivo-dev-front.avaldigitallabs.com/__cypress/runner/cypress_runner.js:76849:16)\n    at onFailFn (https://rb-pasivo-dev-front.avaldigitallabs.com/__cypress/runner/cypress_runner.js:65634:16)\n    at tryCatcher (https://rb-pasivo-dev-front.avaldigitallabs.com/__cypress/runner/cypress_runner.js:120203:23)\n    at Promise._settlePromiseFromHandler (https://rb-pasivo-dev-front.avaldigitallabs.com/__cypress/runner/cypress_runner.js:118139:31)\n    at Promise._settlePromise (https://rb-pasivo-dev-front.avaldigitallabs.com/__cypress/runner/cypress_runner.js:118196:18)\n    at Promise._settlePromise0 (https://rb-pasivo-dev-front.avaldigitallabs.com/__cypress/runner/cypress_runner.js:118241:10)\n    at Promise._settlePromises (https://rb-pasivo-dev-front.avaldigitallabs.com/__cypress/runner/cypress_runner.js:118316:18)\n    at Async../node_modules/bluebird/js/release/async.js.Async._drainQueue (https://rb-pasivo-dev-front.avaldigitallabs.com/__cypress/runner/cypress_runner.js:114928:16)\n    at Async../node_modules/bluebird/js/release/async.js.Async._drainQueues (https://rb-pasivo-dev-front.avaldigitallabs.com/__cypress/runner/cypress_runner.js:114938:10)\n    at Async.drainQueues (https://rb-pasivo-dev-front.avaldigitallabs.com/__cypress/runner/cypress_runner.js:114812:14)",
                "diff": null
              },
              "uuid": "fb7ae64b-3576-4ac8-aa1a-20c2a7f387fc",
              "parentUUID": "f8df2e5e-3b56-4790-9cf4-35cd29843587",
              "isHook": false,
              "skipped": false
            }
          ],
          "suites": [],
          "passes": [],
          "failures": [
            "fb7ae64b-3576-4ac8-aa1a-20c2a7f387fc"
          ],
          "pending": [],
          "skipped": [],
          "duration": 15856,
          "root": false,
          "rootEmpty": false,
          "_timeout": 2000
        }
      ],
      "passes": [],
      "failures": [],
      "pending": [],
      "skipped": [],
      "duration": 0,
      "root": true,
      "rootEmpty": true,
      "_timeout": 2000
    }
  ],
  "meta": {
    "mocha": {
      "version": "7.2.0"
    },
    "mochawesome": {
      "options": {
        "quiet": false,
        "reportFilename": "mochawesomeReport_[hash].json",
        "saveHtml": false,
        "saveJson": true,
        "consoleReporter": "spec",
        "useInlineDiffs": false,
        "code": true
      },
      "version": "6.2.2"
    },
    "marge": {
      "options": {
        "id": "default",
        "reportDir": "reports/wesome",
        "reportFilename": "mochawesomeReport_[hash].json",
        "overwrite": false,
        "html": false,
        "json": true
      },
      "version": "5.2.0"
    }
  }
}